<testsuites id="" name="" tests="3" failures="3" skipped="0" errors="0" time="4.674734">
<testsuite name="onboarding.spec.ts" timestamp="2025-11-17T18:36:19.390Z" hostname="chromium" tests="1" failures="1" skipped="0" time="0.01" errors="0">
<testcase name="First-Time User Onboarding › should allow a new user to complete the conversational onboarding flow" classname="onboarding.spec.ts" time="0.01">
<failure message="onboarding.spec.ts:5:7 should allow a new user to complete the conversational onboarding flow" type="FAILURE">
<![CDATA[  [chromium] › onboarding.spec.ts:5:7 › First-Time User Onboarding › should allow a new user to complete the conversational onboarding flow 

    Error: browserType.launch: Executable doesn't exist at C:\Users\Robert\AppData\Local\ms-playwright\chromium_headless_shell-1194\chrome-win\headless_shell.exe
    ╔═════════════════════════════════════════════════════════════════════════╗
    ║ Looks like Playwright Test or Playwright was just installed or updated. ║
    ║ Please run the following command to download new browsers:              ║
    ║                                                                         ║
    ║     npx playwright install                                              ║
    ║                                                                         ║
    ║ <3 Playwright Team                                                      ║
    ╚═════════════════════════════════════════════════════════════════════════╝

    attachment #1: trace (application/zip) ─────────────────────────────────────────────────────────
    ..\..\test-results\onboarding-First-Time-User-d7ae0-versational-onboarding-flow-chromium\trace.zip
    Usage:

        npx playwright show-trace ..\..\test-results\onboarding-First-Time-User-d7ae0-versational-onboarding-flow-chromium\trace.zip

    ────────────────────────────────────────────────────────────────────────────────────────────────
]]>
</failure>
<system-out>
<![CDATA[
[[ATTACHMENT|onboarding-First-Time-User-d7ae0-versational-onboarding-flow-chromium\trace.zip]]
]]>
</system-out>
</testcase>
</testsuite>
<testsuite name="onboarding.spec.ts" timestamp="2025-11-17T18:36:19.390Z" hostname="firefox" tests="1" failures="1" skipped="0" time="0.012" errors="0">
<testcase name="First-Time User Onboarding › should allow a new user to complete the conversational onboarding flow" classname="onboarding.spec.ts" time="0.012">
<failure message="onboarding.spec.ts:5:7 should allow a new user to complete the conversational onboarding flow" type="FAILURE">
<![CDATA[  [firefox] › onboarding.spec.ts:5:7 › First-Time User Onboarding › should allow a new user to complete the conversational onboarding flow 

    Error: browserType.launch: Executable doesn't exist at C:\Users\Robert\AppData\Local\ms-playwright\firefox-1495\firefox\firefox.exe
    ╔═════════════════════════════════════════════════════════════════════════╗
    ║ Looks like Playwright Test or Playwright was just installed or updated. ║
    ║ Please run the following command to download new browsers:              ║
    ║                                                                         ║
    ║     npx playwright install                                              ║
    ║                                                                         ║
    ║ <3 Playwright Team                                                      ║
    ╚═════════════════════════════════════════════════════════════════════════╝

    attachment #1: trace (application/zip) ─────────────────────────────────────────────────────────
    ..\..\test-results\onboarding-First-Time-User-d7ae0-versational-onboarding-flow-firefox\trace.zip
    Usage:

        npx playwright show-trace ..\..\test-results\onboarding-First-Time-User-d7ae0-versational-onboarding-flow-firefox\trace.zip

    ────────────────────────────────────────────────────────────────────────────────────────────────
]]>
</failure>
<system-out>
<![CDATA[
[[ATTACHMENT|onboarding-First-Time-User-d7ae0-versational-onboarding-flow-firefox\trace.zip]]
]]>
</system-out>
</testcase>
</testsuite>
<testsuite name="onboarding.spec.ts" timestamp="2025-11-17T18:36:19.390Z" hostname="webkit" tests="1" failures="1" skipped="0" time="0.008" errors="0">
<testcase name="First-Time User Onboarding › should allow a new user to complete the conversational onboarding flow" classname="onboarding.spec.ts" time="0.008">
<failure message="onboarding.spec.ts:5:7 should allow a new user to complete the conversational onboarding flow" type="FAILURE">
<![CDATA[  [webkit] › onboarding.spec.ts:5:7 › First-Time User Onboarding › should allow a new user to complete the conversational onboarding flow 

    Error: browserType.launch: Executable doesn't exist at C:\Users\Robert\AppData\Local\ms-playwright\webkit-2215\Playwright.exe
    ╔═════════════════════════════════════════════════════════════════════════╗
    ║ Looks like Playwright Test or Playwright was just installed or updated. ║
    ║ Please run the following command to download new browsers:              ║
    ║                                                                         ║
    ║     npx playwright install                                              ║
    ║                                                                         ║
    ║ <3 Playwright Team                                                      ║
    ╚═════════════════════════════════════════════════════════════════════════╝

    attachment #1: trace (application/zip) ─────────────────────────────────────────────────────────
    ..\..\test-results\onboarding-First-Time-User-d7ae0-versational-onboarding-flow-webkit\trace.zip
    Usage:

        npx playwright show-trace ..\..\test-results\onboarding-First-Time-User-d7ae0-versational-onboarding-flow-webkit\trace.zip

    ────────────────────────────────────────────────────────────────────────────────────────────────
]]>
</failure>
<system-out>
<![CDATA[
[[ATTACHMENT|onboarding-First-Time-User-d7ae0-versational-onboarding-flow-webkit\trace.zip]]
]]>
</system-out>
</testcase>
</testsuite>
</testsuites>