<testsuites id="" name="" tests="39" failures="15" skipped="0" errors="0" time="85.832138">
<testsuite name="basic-checks.spec.ts" timestamp="2025-12-03T16:36:02.316Z" hostname="chromium" tests="2" failures="0" skipped="0" time="3.97" errors="0">
<testcase name="Basic Application Checks › Next.js frontend loads correctly" classname="basic-checks.spec.ts" time="3.528">
</testcase>
<testcase name="Basic Application Checks › FastAPI health check endpoint returns status ok" classname="basic-checks.spec.ts" time="0.442">
</testcase>
</testsuite>
<testsuite name="basic.spec.ts" timestamp="2025-12-03T16:36:02.316Z" hostname="chromium" tests="2" failures="0" skipped="0" time="4.089" errors="0">
<testcase name="Next.js frontend loads successfully" classname="basic.spec.ts" time="3.616">
</testcase>
<testcase name="FastAPI backend health check returns ok" classname="basic.spec.ts" time="0.473">
</testcase>
</testsuite>
<testsuite name="daily-context.spec.ts" timestamp="2025-12-03T16:36:02.316Z" hostname="chromium" tests="1" failures="1" skipped="0" time="22.088" errors="0">
<testcase name="Daily Context Window › should allow an authenticated user to submit daily context" classname="daily-context.spec.ts" time="22.088">
<failure message="daily-context.spec.ts:6:7 should allow an authenticated user to submit daily context" type="FAILURE">
<![CDATA[  [chromium] › daily-context.spec.ts:6:7 › Daily Context Window › should allow an authenticated user to submit daily context 

    Error: expect(locator).toBeHidden() failed

    Locator:  getByRole('button', { name: /Submit Context/i })
    Expected: hidden
    Received: visible
    Timeout:  15000ms

    Call log:
      - Expect "toBeHidden" with timeout 15000ms
      - waiting for getByRole('button', { name: /Submit Context/i })
        18 × locator resolved to <button type="submit" class="px-4 py-2 bg-green-500 text-white rounded-md mt-4">Submit Context</button>
           - unexpected value "visible"


      48 |     // or rely on the console.log being captured by test runner if configured.
      49 |     // A more robust E2E test would assert on actual UI state changes post-submission.
    > 50 |     await expect(submitButton).toBeHidden(); // Assuming dialog closes and button becomes hidden
         |                                ^
      51 |   });
      52 | });
      53 |
        at C:\Users\Robert\Documents\AI-Powered Personal Training Advisor\SG-Gruppe-KI\tests\e2e\daily-context.spec.ts:50:32

    attachment #1: screenshot (image/png) ──────────────────────────────────────────────────────────
    ..\..\test-results\daily-context-Daily-Contex-cb4fd-ser-to-submit-daily-context-chromium\test-failed-1.png
    ────────────────────────────────────────────────────────────────────────────────────────────────

    attachment #2: video (video/webm) ──────────────────────────────────────────────────────────────
    ..\..\test-results\daily-context-Daily-Contex-cb4fd-ser-to-submit-daily-context-chromium\video.webm
    ────────────────────────────────────────────────────────────────────────────────────────────────

    Error Context: ..\..\test-results\daily-context-Daily-Contex-cb4fd-ser-to-submit-daily-context-chromium\error-context.md

    attachment #4: trace (application/zip) ─────────────────────────────────────────────────────────
    ..\..\test-results\daily-context-Daily-Contex-cb4fd-ser-to-submit-daily-context-chromium\trace.zip
    Usage:

        npx playwright show-trace ..\..\test-results\daily-context-Daily-Contex-cb4fd-ser-to-submit-daily-context-chromium\trace.zip

    ────────────────────────────────────────────────────────────────────────────────────────────────
]]>
</failure>
<system-out>
<![CDATA[
[[ATTACHMENT|daily-context-Daily-Contex-cb4fd-ser-to-submit-daily-context-chromium\test-failed-1.png]]

[[ATTACHMENT|daily-context-Daily-Contex-cb4fd-ser-to-submit-daily-context-chromium\video.webm]]

[[ATTACHMENT|daily-context-Daily-Contex-cb4fd-ser-to-submit-daily-context-chromium\error-context.md]]

[[ATTACHMENT|daily-context-Daily-Contex-cb4fd-ser-to-submit-daily-context-chromium\trace.zip]]
]]>
</system-out>
</testcase>
</testsuite>
<testsuite name="email-auth.spec.ts" timestamp="2025-12-03T16:36:02.316Z" hostname="chromium" tests="1" failures="1" skipped="0" time="18.803" errors="0">
<testcase name="Email Authentication › should allow a user to sign up, log out, and log back in" classname="email-auth.spec.ts" time="18.803">
<failure message="email-auth.spec.ts:5:7 should allow a user to sign up, log out, and log back in" type="FAILURE">
<![CDATA[  [chromium] › email-auth.spec.ts:5:7 › Email Authentication › should allow a user to sign up, log out, and log back in 

    TimeoutError: page.fill: Timeout 15000ms exceeded.
    Call log:
      - waiting for locator('input[name="email"]')


      11 |
      12 |     // Fill sign-up form
    > 13 |     await page.fill('input[name="email"]', email);
         |                ^
      14 |     await page.fill('input[name="password"]', password);
      15 |
      16 |     // Click sign-up button
        at C:\Users\Robert\Documents\AI-Powered Personal Training Advisor\SG-Gruppe-KI\tests\e2e\email-auth.spec.ts:13:16

    attachment #1: screenshot (image/png) ──────────────────────────────────────────────────────────
    ..\..\test-results\email-auth-Email-Authentic-b0e9b--up-log-out-and-log-back-in-chromium\test-failed-1.png
    ────────────────────────────────────────────────────────────────────────────────────────────────

    attachment #2: video (video/webm) ──────────────────────────────────────────────────────────────
    ..\..\test-results\email-auth-Email-Authentic-b0e9b--up-log-out-and-log-back-in-chromium\video.webm
    ────────────────────────────────────────────────────────────────────────────────────────────────

    Error Context: ..\..\test-results\email-auth-Email-Authentic-b0e9b--up-log-out-and-log-back-in-chromium\error-context.md

    attachment #4: trace (application/zip) ─────────────────────────────────────────────────────────
    ..\..\test-results\email-auth-Email-Authentic-b0e9b--up-log-out-and-log-back-in-chromium\trace.zip
    Usage:

        npx playwright show-trace ..\..\test-results\email-auth-Email-Authentic-b0e9b--up-log-out-and-log-back-in-chromium\trace.zip

    ────────────────────────────────────────────────────────────────────────────────────────────────
]]>
</failure>
<system-out>
<![CDATA[
[[ATTACHMENT|email-auth-Email-Authentic-b0e9b--up-log-out-and-log-back-in-chromium\test-failed-1.png]]

[[ATTACHMENT|email-auth-Email-Authentic-b0e9b--up-log-out-and-log-back-in-chromium\video.webm]]

[[ATTACHMENT|email-auth-Email-Authentic-b0e9b--up-log-out-and-log-back-in-chromium\error-context.md]]

[[ATTACHMENT|email-auth-Email-Authentic-b0e9b--up-log-out-and-log-back-in-chromium\trace.zip]]
]]>
</system-out>
</testcase>
</testsuite>
<testsuite name="example.spec.ts" timestamp="2025-12-03T16:36:02.316Z" hostname="chromium" tests="2" failures="1" skipped="0" time="4.491" errors="0">
<testcase name="Example Test Suite › should load homepage" classname="example.spec.ts" time="3.424">
</testcase>
<testcase name="Example Test Suite › should create user and login" classname="example.spec.ts" time="1.067">
<failure message="example.spec.ts:9:7 should create user and login" type="FAILURE">
<![CDATA[  [chromium] › example.spec.ts:9:7 › Example Test Suite › should create user and login ─────────────

    TypeError: Failed to parse URL from undefined/api/v1/users

       at ..\support\fixtures\factories\user-factory.ts:15

      13 |
      14 |     // API call to create user
    > 15 |     const response = await fetch(`${process.env.API_URL}/api/v1/users`, {
         |                      ^
      16 |       method: 'POST',
      17 |       headers: { 'Content-Type': 'application/json' },
      18 |       body: JSON.stringify(user),
        at UserFactory.createUser (C:\Users\Robert\Documents\AI-Powered Personal Training Advisor\SG-Gruppe-KI\tests\support\fixtures\factories\user-factory.ts:15:22)
        at C:\Users\Robert\Documents\AI-Powered Personal Training Advisor\SG-Gruppe-KI\tests\e2e\example.spec.ts:11:18
    [cause]: TypeError: Invalid URL
        at UserFactory.createUser (C:\Users\Robert\Documents\AI-Powered Personal Training Advisor\SG-Gruppe-KI\tests\support\fixtures\factories\user-factory.ts:15:28)
        at C:\Users\Robert\Documents\AI-Powered Personal Training Advisor\SG-Gruppe-KI\tests\e2e\example.spec.ts:11:36

    attachment #1: screenshot (image/png) ──────────────────────────────────────────────────────────
    ..\..\test-results\example-Example-Test-Suite-should-create-user-and-login-chromium\test-failed-1.png
    ────────────────────────────────────────────────────────────────────────────────────────────────

    attachment #2: video (video/webm) ──────────────────────────────────────────────────────────────
    ..\..\test-results\example-Example-Test-Suite-should-create-user-and-login-chromium\video.webm
    ────────────────────────────────────────────────────────────────────────────────────────────────

    attachment #3: trace (application/zip) ─────────────────────────────────────────────────────────
    ..\..\test-results\example-Example-Test-Suite-should-create-user-and-login-chromium\trace.zip
    Usage:

        npx playwright show-trace ..\..\test-results\example-Example-Test-Suite-should-create-user-and-login-chromium\trace.zip

    ────────────────────────────────────────────────────────────────────────────────────────────────
]]>
</failure>
<system-out>
<![CDATA[
[[ATTACHMENT|example-Example-Test-Suite-should-create-user-and-login-chromium\test-failed-1.png]]

[[ATTACHMENT|example-Example-Test-Suite-should-create-user-and-login-chromium\video.webm]]

[[ATTACHMENT|example-Example-Test-Suite-should-create-user-and-login-chromium\trace.zip]]
]]>
</system-out>
</testcase>
</testsuite>
<testsuite name="google_oauth.spec.ts" timestamp="2025-12-03T16:36:02.316Z" hostname="chromium" tests="1" failures="0" skipped="0" time="9.867" errors="0">
<testcase name="Google OAuth Flow › should redirect to Google when &quot;Continue with Google&quot; button is clicked" classname="google_oauth.spec.ts" time="9.867">
<system-out>
<![CDATA[Redirected to Google OAuth URL: https://accounts.google.com/v3/signin/identifier?opparams=%253Fredirect_to%253Dhttp%25253A%25252F%25252Flocalhost%25253A3000%25252Fauth%25252Fcallback&dsh=S355822806%3A1764779773337645&client_id=1044309634102-trnb000ke058c3n3duqiq630as8r257s.apps.googleusercontent.com&o2v=2&redirect_uri=https%3A%2F%2Fznzsydhtncfrnqgubsfo.supabase.co%2Fauth%2Fv1%2Fcallback&response_type=code&scope=email+profile&service=lso&state=eyJhbGciOiJIUzI1NiIsImtpZCI6IlhRNG5PWWxGZkY5dzA3MnAiLCJ0eXAiOiJKV1QifQ.eyJleHAiOjE3NjQ3ODAwNzIsInNpdGVfdXJsIjoiaHR0cDovL2xvY2FsaG9zdDozMDAwIiwiaWQiOiIwMDAwMDAwMC0wMDAwLTAwMDAtMDAwMC0wMDAwMDAwMDAwMDAiLCJmdW5jdGlvbl9ob29rcyI6bnVsbCwicHJvdmlkZXIiOiJnb29nbGUiLCJyZWZlcnJlciI6Imh0dHA6Ly9sb2NhbGhvc3Q6MzAwMC9hdXRoL2NhbGxiYWNrIiwiZmxvd19zdGF0ZV9pZCI6IiJ9.hlP7XpNWM--5OgmX2HFJX0bSKribpTued17R6Qq1U5g&flowName=GeneralOAuthFlow&continue=https%3A%2F%2Faccounts.google.com%2Fsignin%2Foauth%2Fconsent%3Fauthuser%3Dunknown%26part%3DAJi8hAPzE_HBzpZaMPUCgGCbFCPSd8gaqZbTjcsTt5zrsUBwri4O9R_uBwkvsUGJQLSy1nwwrWrIRhu8wX-Ts06kEBfIQkeX2vbNB-ox6tDkWRTsXodZEWeu1Xm0rMnDj6GC-hUtTeYQDCN8zXSyjr5yMjBf9vsrp0CUIVK0XNGJutNtnEDIgQVP3WFTGkoEm1cbBhVuk1YTE3LUa2FuYx8sOxRHmYHtJ-rPMPwReYNJUYtYsr_ENcO7XWLSydqlwWtsQffmIGCleW2AgN2cd7ffNigyevoGAr6zYAUaJ4lrXtph1gi3it8Jw5bSuW-MTgag9J-dS708W_ziKCOdaPhGKwgm6XcHJYO1HKsqey-WcfiGpfEKwHqrNHJ96yCHxgPW98qC5OZUxavabSf2sJEG5jmO2Au8eoIeCXFQiv7A9kPVps2mKFfNkuFNcQXQyB55Yf52p9-67chxgjCufe7X5SLS4kShTLaWMc-cAEBgbrk2YtVle1c%26flowName%3DGeneralOAuthFlow%26as%3DS355822806%253A1764779773337645%26client_id%3D1044309634102-trnb000ke058c3n3duqiq630as8r257s.apps.googleusercontent.com%26requestPath%3D%252Fsignin%252Foauth%252Fconsent%23&app_domain=https%3A%2F%2Fznzsydhtncfrnqgubsfo.supabase.co&rart=ANgoxcdO3F1j-ASHSOk5pUOSx1y8NbFHTYWv2Ra0XwUgBElh1sm4iq-bU-xD-FcZnF3bVOnRvXwfiqBevVFU9ypODCz-xNiGK9BmyFP7x38m65-aFPyNiKE
]]>
</system-out>
</testcase>
</testsuite>
<testsuite name="onboarding.spec.ts" timestamp="2025-12-03T16:36:02.316Z" hostname="chromium" tests="1" failures="1" skipped="0" time="34.876" errors="0">
<testcase name="Onboarding Flow › should complete multi-step onboarding and redirect to home" classname="onboarding.spec.ts" time="34.876">
<failure message="onboarding.spec.ts:4:7 should complete multi-step onboarding and redirect to home" type="FAILURE">
<![CDATA[  [chromium] › onboarding.spec.ts:4:7 › Onboarding Flow › should complete multi-step onboarding and redirect to home 

    TimeoutError: page.waitForURL: Timeout 30000ms exceeded.
    =========================== logs ===========================
    waiting for navigation to "**/onboarding" until "load"
      navigated to "http://localhost:3000/"
    ============================================================

      62 |     // Go to the home page, which should redirect to onboarding due to mock profile
      63 |     await page.goto('/');
    > 64 |     await page.waitForURL('**/onboarding');
         |                ^
      65 |     expect(page.url()).toContain('/onboarding');
      66 |
      67 |     // Step 1: Goals
        at C:\Users\Robert\Documents\AI-Powered Personal Training Advisor\SG-Gruppe-KI\tests\e2e\onboarding.spec.ts:64:16

    attachment #1: screenshot (image/png) ──────────────────────────────────────────────────────────
    ..\..\test-results\onboarding-Onboarding-Flow-8a0d2-arding-and-redirect-to-home-chromium\test-failed-1.png
    ────────────────────────────────────────────────────────────────────────────────────────────────

    attachment #2: video (video/webm) ──────────────────────────────────────────────────────────────
    ..\..\test-results\onboarding-Onboarding-Flow-8a0d2-arding-and-redirect-to-home-chromium\video.webm
    ────────────────────────────────────────────────────────────────────────────────────────────────

    Error Context: ..\..\test-results\onboarding-Onboarding-Flow-8a0d2-arding-and-redirect-to-home-chromium\error-context.md

    attachment #4: trace (application/zip) ─────────────────────────────────────────────────────────
    ..\..\test-results\onboarding-Onboarding-Flow-8a0d2-arding-and-redirect-to-home-chromium\trace.zip
    Usage:

        npx playwright show-trace ..\..\test-results\onboarding-Onboarding-Flow-8a0d2-arding-and-redirect-to-home-chromium\trace.zip

    ────────────────────────────────────────────────────────────────────────────────────────────────
]]>
</failure>
<system-out>
<![CDATA[
[[ATTACHMENT|onboarding-Onboarding-Flow-8a0d2-arding-and-redirect-to-home-chromium\test-failed-1.png]]

[[ATTACHMENT|onboarding-Onboarding-Flow-8a0d2-arding-and-redirect-to-home-chromium\video.webm]]

[[ATTACHMENT|onboarding-Onboarding-Flow-8a0d2-arding-and-redirect-to-home-chromium\error-context.md]]

[[ATTACHMENT|onboarding-Onboarding-Flow-8a0d2-arding-and-redirect-to-home-chromium\trace.zip]]
]]>
</system-out>
</testcase>
</testsuite>
<testsuite name="smoke.spec.ts" timestamp="2025-12-03T16:36:02.316Z" hostname="chromium" tests="2" failures="0" skipped="0" time="3.359" errors="0">
<testcase name="Smoke Tests › should load Next.js frontend" classname="smoke.spec.ts" time="2.921">
</testcase>
<testcase name="Smoke Tests › should get successful health check from FastAPI backend" classname="smoke.spec.ts" time="0.438">
</testcase>
</testsuite>
<testsuite name="user-profile.spec.ts" timestamp="2025-12-03T16:36:02.316Z" hostname="chromium" tests="1" failures="1" skipped="0" time="5.078" errors="0">
<testcase name="should navigate to profile page, edit details, and save changes successfully" classname="user-profile.spec.ts" time="5.078">
<failure message="user-profile.spec.ts:74:5 should navigate to profile page, edit details, and save changes successfully" type="FAILURE">
<![CDATA[  [chromium] › user-profile.spec.ts:74:5 › should navigate to profile page, edit details, and save changes successfully 

    ReferenceError: updatedGoals is not defined

      75 |   await page.goto('/profile'); // Directly navigate to the profile page
      76 |
    > 77 |   await page.getByLabel('Goals').fill(JSON.stringify(updatedGoals, null, 2));
         |                                                      ^
      78 |   await page.getByLabel('Equipment (comma-separated)').fill(updatedEquipment.join(', '));
      79 |   await page.getByLabel('Injuries').fill(updatedInjuries);
      80 |   await page.getByLabel('Units').fill(updatedUnits);
        at C:\Users\Robert\Documents\AI-Powered Personal Training Advisor\SG-Gruppe-KI\tests\e2e\user-profile.spec.ts:77:54

    attachment #1: screenshot (image/png) ──────────────────────────────────────────────────────────
    ..\..\test-results\user-profile-should-naviga-cdce2-d-save-changes-successfully-chromium\test-failed-1.png
    ────────────────────────────────────────────────────────────────────────────────────────────────

    attachment #2: video (video/webm) ──────────────────────────────────────────────────────────────
    ..\..\test-results\user-profile-should-naviga-cdce2-d-save-changes-successfully-chromium\video.webm
    ────────────────────────────────────────────────────────────────────────────────────────────────

    Error Context: ..\..\test-results\user-profile-should-naviga-cdce2-d-save-changes-successfully-chromium\error-context.md

    attachment #4: trace (application/zip) ─────────────────────────────────────────────────────────
    ..\..\test-results\user-profile-should-naviga-cdce2-d-save-changes-successfully-chromium\trace.zip
    Usage:

        npx playwright show-trace ..\..\test-results\user-profile-should-naviga-cdce2-d-save-changes-successfully-chromium\trace.zip

    ────────────────────────────────────────────────────────────────────────────────────────────────
]]>
</failure>
<system-out>
<![CDATA[
[[ATTACHMENT|user-profile-should-naviga-cdce2-d-save-changes-successfully-chromium\test-failed-1.png]]

[[ATTACHMENT|user-profile-should-naviga-cdce2-d-save-changes-successfully-chromium\video.webm]]

[[ATTACHMENT|user-profile-should-naviga-cdce2-d-save-changes-successfully-chromium\error-context.md]]

[[ATTACHMENT|user-profile-should-naviga-cdce2-d-save-changes-successfully-chromium\trace.zip]]
]]>
</system-out>
</testcase>
</testsuite>
<testsuite name="basic-checks.spec.ts" timestamp="2025-12-03T16:36:02.316Z" hostname="firefox" tests="2" failures="0" skipped="0" time="7.8" errors="0">
<testcase name="Basic Application Checks › Next.js frontend loads correctly" classname="basic-checks.spec.ts" time="7.325">
</testcase>
<testcase name="Basic Application Checks › FastAPI health check endpoint returns status ok" classname="basic-checks.spec.ts" time="0.475">
</testcase>
</testsuite>
<testsuite name="basic.spec.ts" timestamp="2025-12-03T16:36:02.316Z" hostname="firefox" tests="2" failures="0" skipped="0" time="7.152" errors="0">
<testcase name="Next.js frontend loads successfully" classname="basic.spec.ts" time="7.06">
</testcase>
<testcase name="FastAPI backend health check returns ok" classname="basic.spec.ts" time="0.092">
</testcase>
</testsuite>
<testsuite name="daily-context.spec.ts" timestamp="2025-12-03T16:36:02.316Z" hostname="firefox" tests="1" failures="1" skipped="0" time="30.273" errors="0">
<testcase name="Daily Context Window › should allow an authenticated user to submit daily context" classname="daily-context.spec.ts" time="30.273">
<failure message="daily-context.spec.ts:6:7 should allow an authenticated user to submit daily context" type="FAILURE">
<![CDATA[  [firefox] › daily-context.spec.ts:6:7 › Daily Context Window › should allow an authenticated user to submit daily context 

    Error: expect(locator).toBeHidden() failed

    Locator:  getByRole('button', { name: /Submit Context/i })
    Expected: hidden
    Received: visible
    Timeout:  15000ms

    Call log:
      - Expect "toBeHidden" with timeout 15000ms
      - waiting for getByRole('button', { name: /Submit Context/i })
        18 × locator resolved to <button type="submit" class="px-4 py-2 bg-green-500 text-white rounded-md mt-4">Submit Context</button>
           - unexpected value "visible"


      48 |     // or rely on the console.log being captured by test runner if configured.
      49 |     // A more robust E2E test would assert on actual UI state changes post-submission.
    > 50 |     await expect(submitButton).toBeHidden(); // Assuming dialog closes and button becomes hidden
         |                                ^
      51 |   });
      52 | });
      53 |
        at C:\Users\Robert\Documents\AI-Powered Personal Training Advisor\SG-Gruppe-KI\tests\e2e\daily-context.spec.ts:50:32

    attachment #1: screenshot (image/png) ──────────────────────────────────────────────────────────
    ..\..\test-results\daily-context-Daily-Contex-cb4fd-ser-to-submit-daily-context-firefox\test-failed-1.png
    ────────────────────────────────────────────────────────────────────────────────────────────────

    attachment #2: video (video/webm) ──────────────────────────────────────────────────────────────
    ..\..\test-results\daily-context-Daily-Contex-cb4fd-ser-to-submit-daily-context-firefox\video.webm
    ────────────────────────────────────────────────────────────────────────────────────────────────

    Error Context: ..\..\test-results\daily-context-Daily-Contex-cb4fd-ser-to-submit-daily-context-firefox\error-context.md

    attachment #4: trace (application/zip) ─────────────────────────────────────────────────────────
    ..\..\test-results\daily-context-Daily-Contex-cb4fd-ser-to-submit-daily-context-firefox\trace.zip
    Usage:

        npx playwright show-trace ..\..\test-results\daily-context-Daily-Contex-cb4fd-ser-to-submit-daily-context-firefox\trace.zip

    ────────────────────────────────────────────────────────────────────────────────────────────────
]]>
</failure>
<system-out>
<![CDATA[
[[ATTACHMENT|daily-context-Daily-Contex-cb4fd-ser-to-submit-daily-context-firefox\test-failed-1.png]]

[[ATTACHMENT|daily-context-Daily-Contex-cb4fd-ser-to-submit-daily-context-firefox\video.webm]]

[[ATTACHMENT|daily-context-Daily-Contex-cb4fd-ser-to-submit-daily-context-firefox\error-context.md]]

[[ATTACHMENT|daily-context-Daily-Contex-cb4fd-ser-to-submit-daily-context-firefox\trace.zip]]
]]>
</system-out>
</testcase>
</testsuite>
<testsuite name="email-auth.spec.ts" timestamp="2025-12-03T16:36:02.316Z" hostname="firefox" tests="1" failures="1" skipped="0" time="25.821" errors="0">
<testcase name="Email Authentication › should allow a user to sign up, log out, and log back in" classname="email-auth.spec.ts" time="25.821">
<failure message="email-auth.spec.ts:5:7 should allow a user to sign up, log out, and log back in" type="FAILURE">
<![CDATA[  [firefox] › email-auth.spec.ts:5:7 › Email Authentication › should allow a user to sign up, log out, and log back in 

    TimeoutError: page.fill: Timeout 15000ms exceeded.
    Call log:
      - waiting for locator('input[name="email"]')


      11 |
      12 |     // Fill sign-up form
    > 13 |     await page.fill('input[name="email"]', email);
         |                ^
      14 |     await page.fill('input[name="password"]', password);
      15 |
      16 |     // Click sign-up button
        at C:\Users\Robert\Documents\AI-Powered Personal Training Advisor\SG-Gruppe-KI\tests\e2e\email-auth.spec.ts:13:16

    attachment #1: screenshot (image/png) ──────────────────────────────────────────────────────────
    ..\..\test-results\email-auth-Email-Authentic-b0e9b--up-log-out-and-log-back-in-firefox\test-failed-1.png
    ────────────────────────────────────────────────────────────────────────────────────────────────

    attachment #2: video (video/webm) ──────────────────────────────────────────────────────────────
    ..\..\test-results\email-auth-Email-Authentic-b0e9b--up-log-out-and-log-back-in-firefox\video.webm
    ────────────────────────────────────────────────────────────────────────────────────────────────

    Error Context: ..\..\test-results\email-auth-Email-Authentic-b0e9b--up-log-out-and-log-back-in-firefox\error-context.md

    attachment #4: trace (application/zip) ─────────────────────────────────────────────────────────
    ..\..\test-results\email-auth-Email-Authentic-b0e9b--up-log-out-and-log-back-in-firefox\trace.zip
    Usage:

        npx playwright show-trace ..\..\test-results\email-auth-Email-Authentic-b0e9b--up-log-out-and-log-back-in-firefox\trace.zip

    ────────────────────────────────────────────────────────────────────────────────────────────────
]]>
</failure>
<system-out>
<![CDATA[
[[ATTACHMENT|email-auth-Email-Authentic-b0e9b--up-log-out-and-log-back-in-firefox\test-failed-1.png]]

[[ATTACHMENT|email-auth-Email-Authentic-b0e9b--up-log-out-and-log-back-in-firefox\video.webm]]

[[ATTACHMENT|email-auth-Email-Authentic-b0e9b--up-log-out-and-log-back-in-firefox\error-context.md]]

[[ATTACHMENT|email-auth-Email-Authentic-b0e9b--up-log-out-and-log-back-in-firefox\trace.zip]]
]]>
</system-out>
</testcase>
</testsuite>
<testsuite name="example.spec.ts" timestamp="2025-12-03T16:36:02.316Z" hostname="firefox" tests="2" failures="1" skipped="0" time="9.416" errors="0">
<testcase name="Example Test Suite › should load homepage" classname="example.spec.ts" time="7.849">
</testcase>
<testcase name="Example Test Suite › should create user and login" classname="example.spec.ts" time="1.567">
<failure message="example.spec.ts:9:7 should create user and login" type="FAILURE">
<![CDATA[  [firefox] › example.spec.ts:9:7 › Example Test Suite › should create user and login ──────────────

    TypeError: Failed to parse URL from undefined/api/v1/users

       at ..\support\fixtures\factories\user-factory.ts:15

      13 |
      14 |     // API call to create user
    > 15 |     const response = await fetch(`${process.env.API_URL}/api/v1/users`, {
         |                      ^
      16 |       method: 'POST',
      17 |       headers: { 'Content-Type': 'application/json' },
      18 |       body: JSON.stringify(user),
        at UserFactory.createUser (C:\Users\Robert\Documents\AI-Powered Personal Training Advisor\SG-Gruppe-KI\tests\support\fixtures\factories\user-factory.ts:15:22)
        at C:\Users\Robert\Documents\AI-Powered Personal Training Advisor\SG-Gruppe-KI\tests\e2e\example.spec.ts:11:18
    [cause]: TypeError: Invalid URL
        at UserFactory.createUser (C:\Users\Robert\Documents\AI-Powered Personal Training Advisor\SG-Gruppe-KI\tests\support\fixtures\factories\user-factory.ts:15:28)
        at C:\Users\Robert\Documents\AI-Powered Personal Training Advisor\SG-Gruppe-KI\tests\e2e\example.spec.ts:11:36

    attachment #1: screenshot (image/png) ──────────────────────────────────────────────────────────
    ..\..\test-results\example-Example-Test-Suite-should-create-user-and-login-firefox\test-failed-1.png
    ────────────────────────────────────────────────────────────────────────────────────────────────

    attachment #2: video (video/webm) ──────────────────────────────────────────────────────────────
    ..\..\test-results\example-Example-Test-Suite-should-create-user-and-login-firefox\video.webm
    ────────────────────────────────────────────────────────────────────────────────────────────────

    attachment #3: trace (application/zip) ─────────────────────────────────────────────────────────
    ..\..\test-results\example-Example-Test-Suite-should-create-user-and-login-firefox\trace.zip
    Usage:

        npx playwright show-trace ..\..\test-results\example-Example-Test-Suite-should-create-user-and-login-firefox\trace.zip

    ────────────────────────────────────────────────────────────────────────────────────────────────
]]>
</failure>
<system-out>
<![CDATA[
[[ATTACHMENT|example-Example-Test-Suite-should-create-user-and-login-firefox\test-failed-1.png]]

[[ATTACHMENT|example-Example-Test-Suite-should-create-user-and-login-firefox\video.webm]]

[[ATTACHMENT|example-Example-Test-Suite-should-create-user-and-login-firefox\trace.zip]]
]]>
</system-out>
</testcase>
</testsuite>
<testsuite name="google_oauth.spec.ts" timestamp="2025-12-03T16:36:02.316Z" hostname="firefox" tests="1" failures="0" skipped="0" time="9.387" errors="0">
<testcase name="Google OAuth Flow › should redirect to Google when &quot;Continue with Google&quot; button is clicked" classname="google_oauth.spec.ts" time="9.387">
<system-out>
<![CDATA[Redirected to Google OAuth URL: https://accounts.google.com/v3/signin/identifier?opparams=%253Fredirect_to%253Dhttp%25253A%25252F%25252Flocalhost%25253A3000%25252Fauth%25252Fcallback&dsh=S722562456%3A1764779791551919&client_id=1044309634102-trnb000ke058c3n3duqiq630as8r257s.apps.googleusercontent.com&o2v=2&redirect_uri=https%3A%2F%2Fznzsydhtncfrnqgubsfo.supabase.co%2Fauth%2Fv1%2Fcallback&response_type=code&scope=email+profile&service=lso&state=eyJhbGciOiJIUzI1NiIsImtpZCI6IlhRNG5PWWxGZkY5dzA3MnAiLCJ0eXAiOiJKV1QifQ.eyJleHAiOjE3NjQ3ODAwOTEsInNpdGVfdXJsIjoiaHR0cDovL2xvY2FsaG9zdDozMDAwIiwiaWQiOiIwMDAwMDAwMC0wMDAwLTAwMDAtMDAwMC0wMDAwMDAwMDAwMDAiLCJmdW5jdGlvbl9ob29rcyI6bnVsbCwicHJvdmlkZXIiOiJnb29nbGUiLCJyZWZlcnJlciI6Imh0dHA6Ly9sb2NhbGhvc3Q6MzAwMC9hdXRoL2NhbGxiYWNrIiwiZmxvd19zdGF0ZV9pZCI6IiJ9.QLCXzYLqaft2R741gevFfWGlV506WZZ33oX7CbfK9Ww&flowName=GeneralOAuthFlow&continue=https%3A%2F%2Faccounts.google.com%2Fsignin%2Foauth%2Fconsent%3Fauthuser%3Dunknown%26part%3DAJi8hAM699nEchUBmXj3VvXY7CyCM6YLJy6Q0hxMcHkN4WyS1T3B8vBiY1XmTFjMnc_hKT-a0lJDAk3ECIbMTg3VURK6LJbjrI3ENRUx06iC78A2LlCA4XBcG-yKuoayj7PAG9jCQm_AwTNpW7lFqdAgPPvsDx0Oif_GnbxSKNGG2eyWYf7SdEizmTQswbuaHexm5qJZT6bA1SKQlG4zD0pMBJANgFJTcrINogEfA5R0VDI8vLix2qngTXhqFs874zEe6rbs65ZV6AtkC6wAr4fotWJcx5-nD_eQhlHaDPCLmxZFioT1TTv5LAo0X6fTb21I6m3yMqNimr6Aufz0rHye4IjRzlsZZlSqJtxcKDJaXDNSryK1Qm3faQjtRDVJP_m_sx-99djFx2WRrtDzKTWe1e9ye62Qr1r0spwrO6pPsFD37JOunZsz57AIekQKsXEm4YeTT2TklgilaoxSaqx4Unqx4xr-M2Z3lbK2ESWk-oIEpnemD2U%26flowName%3DGeneralOAuthFlow%26as%3DS722562456%253A1764779791551919%26client_id%3D1044309634102-trnb000ke058c3n3duqiq630as8r257s.apps.googleusercontent.com%26requestPath%3D%252Fsignin%252Foauth%252Fconsent%23&app_domain=https%3A%2F%2Fznzsydhtncfrnqgubsfo.supabase.co&rart=ANgoxcdOnkk9znSDP5fJ95Oaloy_q1YZMpFx0H4i-rvVyKEPqqfIzfS3h0FPde6srxn3zQ6gspJCJfySW5-2i1sc5GO6folLZEsTXiOyyb7qzleF375-Hhk
]]>
</system-out>
</testcase>
</testsuite>
<testsuite name="onboarding.spec.ts" timestamp="2025-12-03T16:36:02.316Z" hostname="firefox" tests="1" failures="1" skipped="0" time="39.097" errors="0">
<testcase name="Onboarding Flow › should complete multi-step onboarding and redirect to home" classname="onboarding.spec.ts" time="39.097">
<failure message="onboarding.spec.ts:4:7 should complete multi-step onboarding and redirect to home" type="FAILURE">
<![CDATA[  [firefox] › onboarding.spec.ts:4:7 › Onboarding Flow › should complete multi-step onboarding and redirect to home 

    TimeoutError: page.waitForURL: Timeout 30000ms exceeded.
    =========================== logs ===========================
    waiting for navigation to "**/onboarding" until "load"
    ============================================================

      62 |     // Go to the home page, which should redirect to onboarding due to mock profile
      63 |     await page.goto('/');
    > 64 |     await page.waitForURL('**/onboarding');
         |                ^
      65 |     expect(page.url()).toContain('/onboarding');
      66 |
      67 |     // Step 1: Goals
        at C:\Users\Robert\Documents\AI-Powered Personal Training Advisor\SG-Gruppe-KI\tests\e2e\onboarding.spec.ts:64:16

    attachment #1: screenshot (image/png) ──────────────────────────────────────────────────────────
    ..\..\test-results\onboarding-Onboarding-Flow-8a0d2-arding-and-redirect-to-home-firefox\test-failed-1.png
    ────────────────────────────────────────────────────────────────────────────────────────────────

    attachment #2: video (video/webm) ──────────────────────────────────────────────────────────────
    ..\..\test-results\onboarding-Onboarding-Flow-8a0d2-arding-and-redirect-to-home-firefox\video.webm
    ────────────────────────────────────────────────────────────────────────────────────────────────

    Error Context: ..\..\test-results\onboarding-Onboarding-Flow-8a0d2-arding-and-redirect-to-home-firefox\error-context.md

    attachment #4: trace (application/zip) ─────────────────────────────────────────────────────────
    ..\..\test-results\onboarding-Onboarding-Flow-8a0d2-arding-and-redirect-to-home-firefox\trace.zip
    Usage:

        npx playwright show-trace ..\..\test-results\onboarding-Onboarding-Flow-8a0d2-arding-and-redirect-to-home-firefox\trace.zip

    ────────────────────────────────────────────────────────────────────────────────────────────────
]]>
</failure>
<system-out>
<![CDATA[
[[ATTACHMENT|onboarding-Onboarding-Flow-8a0d2-arding-and-redirect-to-home-firefox\test-failed-1.png]]

[[ATTACHMENT|onboarding-Onboarding-Flow-8a0d2-arding-and-redirect-to-home-firefox\video.webm]]

[[ATTACHMENT|onboarding-Onboarding-Flow-8a0d2-arding-and-redirect-to-home-firefox\error-context.md]]

[[ATTACHMENT|onboarding-Onboarding-Flow-8a0d2-arding-and-redirect-to-home-firefox\trace.zip]]
]]>
</system-out>
</testcase>
</testsuite>
<testsuite name="smoke.spec.ts" timestamp="2025-12-03T16:36:02.316Z" hostname="firefox" tests="2" failures="0" skipped="0" time="7.669" errors="0">
<testcase name="Smoke Tests › should load Next.js frontend" classname="smoke.spec.ts" time="7.148">
</testcase>
<testcase name="Smoke Tests › should get successful health check from FastAPI backend" classname="smoke.spec.ts" time="0.521">
</testcase>
</testsuite>
<testsuite name="user-profile.spec.ts" timestamp="2025-12-03T16:36:02.316Z" hostname="firefox" tests="1" failures="1" skipped="0" time="7.758" errors="0">
<testcase name="should navigate to profile page, edit details, and save changes successfully" classname="user-profile.spec.ts" time="7.758">
<failure message="user-profile.spec.ts:74:5 should navigate to profile page, edit details, and save changes successfully" type="FAILURE">
<![CDATA[  [firefox] › user-profile.spec.ts:74:5 › should navigate to profile page, edit details, and save changes successfully 

    ReferenceError: updatedGoals is not defined

      75 |   await page.goto('/profile'); // Directly navigate to the profile page
      76 |
    > 77 |   await page.getByLabel('Goals').fill(JSON.stringify(updatedGoals, null, 2));
         |                                                      ^
      78 |   await page.getByLabel('Equipment (comma-separated)').fill(updatedEquipment.join(', '));
      79 |   await page.getByLabel('Injuries').fill(updatedInjuries);
      80 |   await page.getByLabel('Units').fill(updatedUnits);
        at C:\Users\Robert\Documents\AI-Powered Personal Training Advisor\SG-Gruppe-KI\tests\e2e\user-profile.spec.ts:77:54

    attachment #1: screenshot (image/png) ──────────────────────────────────────────────────────────
    ..\..\test-results\user-profile-should-naviga-cdce2-d-save-changes-successfully-firefox\test-failed-1.png
    ────────────────────────────────────────────────────────────────────────────────────────────────

    attachment #2: video (video/webm) ──────────────────────────────────────────────────────────────
    ..\..\test-results\user-profile-should-naviga-cdce2-d-save-changes-successfully-firefox\video.webm
    ────────────────────────────────────────────────────────────────────────────────────────────────

    Error Context: ..\..\test-results\user-profile-should-naviga-cdce2-d-save-changes-successfully-firefox\error-context.md

    attachment #4: trace (application/zip) ─────────────────────────────────────────────────────────
    ..\..\test-results\user-profile-should-naviga-cdce2-d-save-changes-successfully-firefox\trace.zip
    Usage:

        npx playwright show-trace ..\..\test-results\user-profile-should-naviga-cdce2-d-save-changes-successfully-firefox\trace.zip

    ────────────────────────────────────────────────────────────────────────────────────────────────
]]>
</failure>
<system-out>
<![CDATA[
[[ATTACHMENT|user-profile-should-naviga-cdce2-d-save-changes-successfully-firefox\test-failed-1.png]]

[[ATTACHMENT|user-profile-should-naviga-cdce2-d-save-changes-successfully-firefox\video.webm]]

[[ATTACHMENT|user-profile-should-naviga-cdce2-d-save-changes-successfully-firefox\error-context.md]]

[[ATTACHMENT|user-profile-should-naviga-cdce2-d-save-changes-successfully-firefox\trace.zip]]
]]>
</system-out>
</testcase>
</testsuite>
<testsuite name="basic-checks.spec.ts" timestamp="2025-12-03T16:36:02.316Z" hostname="webkit" tests="2" failures="0" skipped="0" time="5.482" errors="0">
<testcase name="Basic Application Checks › Next.js frontend loads correctly" classname="basic-checks.spec.ts" time="5.021">
</testcase>
<testcase name="Basic Application Checks › FastAPI health check endpoint returns status ok" classname="basic-checks.spec.ts" time="0.461">
</testcase>
</testsuite>
<testsuite name="basic.spec.ts" timestamp="2025-12-03T16:36:02.316Z" hostname="webkit" tests="2" failures="0" skipped="0" time="5.613" errors="0">
<testcase name="Next.js frontend loads successfully" classname="basic.spec.ts" time="5.139">
</testcase>
<testcase name="FastAPI backend health check returns ok" classname="basic.spec.ts" time="0.474">
</testcase>
</testsuite>
<testsuite name="daily-context.spec.ts" timestamp="2025-12-03T16:36:02.316Z" hostname="webkit" tests="1" failures="1" skipped="0" time="25.44" errors="0">
<testcase name="Daily Context Window › should allow an authenticated user to submit daily context" classname="daily-context.spec.ts" time="25.44">
<failure message="daily-context.spec.ts:6:7 should allow an authenticated user to submit daily context" type="FAILURE">
<![CDATA[  [webkit] › daily-context.spec.ts:6:7 › Daily Context Window › should allow an authenticated user to submit daily context 

    Error: expect(locator).toBeHidden() failed

    Locator:  getByRole('button', { name: /Submit Context/i })
    Expected: hidden
    Received: visible
    Timeout:  15000ms

    Call log:
      - Expect "toBeHidden" with timeout 15000ms
      - waiting for getByRole('button', { name: /Submit Context/i })
        18 × locator resolved to <button type="submit" class="px-4 py-2 bg-green-500 text-white rounded-md mt-4">Submit Context</button>
           - unexpected value "visible"


      48 |     // or rely on the console.log being captured by test runner if configured.
      49 |     // A more robust E2E test would assert on actual UI state changes post-submission.
    > 50 |     await expect(submitButton).toBeHidden(); // Assuming dialog closes and button becomes hidden
         |                                ^
      51 |   });
      52 | });
      53 |
        at C:\Users\Robert\Documents\AI-Powered Personal Training Advisor\SG-Gruppe-KI\tests\e2e\daily-context.spec.ts:50:32

    attachment #1: screenshot (image/png) ──────────────────────────────────────────────────────────
    ..\..\test-results\daily-context-Daily-Contex-cb4fd-ser-to-submit-daily-context-webkit\test-failed-1.png
    ────────────────────────────────────────────────────────────────────────────────────────────────

    attachment #2: video (video/webm) ──────────────────────────────────────────────────────────────
    ..\..\test-results\daily-context-Daily-Contex-cb4fd-ser-to-submit-daily-context-webkit\video.webm
    ────────────────────────────────────────────────────────────────────────────────────────────────

    Error Context: ..\..\test-results\daily-context-Daily-Contex-cb4fd-ser-to-submit-daily-context-webkit\error-context.md

    attachment #4: trace (application/zip) ─────────────────────────────────────────────────────────
    ..\..\test-results\daily-context-Daily-Contex-cb4fd-ser-to-submit-daily-context-webkit\trace.zip
    Usage:

        npx playwright show-trace ..\..\test-results\daily-context-Daily-Contex-cb4fd-ser-to-submit-daily-context-webkit\trace.zip

    ────────────────────────────────────────────────────────────────────────────────────────────────
]]>
</failure>
<system-out>
<![CDATA[
[[ATTACHMENT|daily-context-Daily-Contex-cb4fd-ser-to-submit-daily-context-webkit\test-failed-1.png]]

[[ATTACHMENT|daily-context-Daily-Contex-cb4fd-ser-to-submit-daily-context-webkit\video.webm]]

[[ATTACHMENT|daily-context-Daily-Contex-cb4fd-ser-to-submit-daily-context-webkit\error-context.md]]

[[ATTACHMENT|daily-context-Daily-Contex-cb4fd-ser-to-submit-daily-context-webkit\trace.zip]]
]]>
</system-out>
</testcase>
</testsuite>
<testsuite name="email-auth.spec.ts" timestamp="2025-12-03T16:36:02.316Z" hostname="webkit" tests="1" failures="1" skipped="0" time="17.456" errors="0">
<testcase name="Email Authentication › should allow a user to sign up, log out, and log back in" classname="email-auth.spec.ts" time="17.456">
<failure message="email-auth.spec.ts:5:7 should allow a user to sign up, log out, and log back in" type="FAILURE">
<![CDATA[  [webkit] › email-auth.spec.ts:5:7 › Email Authentication › should allow a user to sign up, log out, and log back in 

    TimeoutError: page.fill: Timeout 15000ms exceeded.
    Call log:
      - waiting for locator('input[name="email"]')


      11 |
      12 |     // Fill sign-up form
    > 13 |     await page.fill('input[name="email"]', email);
         |                ^
      14 |     await page.fill('input[name="password"]', password);
      15 |
      16 |     // Click sign-up button
        at C:\Users\Robert\Documents\AI-Powered Personal Training Advisor\SG-Gruppe-KI\tests\e2e\email-auth.spec.ts:13:16

    attachment #1: screenshot (image/png) ──────────────────────────────────────────────────────────
    ..\..\test-results\email-auth-Email-Authentic-b0e9b--up-log-out-and-log-back-in-webkit\test-failed-1.png
    ────────────────────────────────────────────────────────────────────────────────────────────────

    attachment #2: video (video/webm) ──────────────────────────────────────────────────────────────
    ..\..\test-results\email-auth-Email-Authentic-b0e9b--up-log-out-and-log-back-in-webkit\video.webm
    ────────────────────────────────────────────────────────────────────────────────────────────────

    Error Context: ..\..\test-results\email-auth-Email-Authentic-b0e9b--up-log-out-and-log-back-in-webkit\error-context.md

    attachment #4: trace (application/zip) ─────────────────────────────────────────────────────────
    ..\..\test-results\email-auth-Email-Authentic-b0e9b--up-log-out-and-log-back-in-webkit\trace.zip
    Usage:

        npx playwright show-trace ..\..\test-results\email-auth-Email-Authentic-b0e9b--up-log-out-and-log-back-in-webkit\trace.zip

    ────────────────────────────────────────────────────────────────────────────────────────────────
]]>
</failure>
<system-out>
<![CDATA[
[[ATTACHMENT|email-auth-Email-Authentic-b0e9b--up-log-out-and-log-back-in-webkit\test-failed-1.png]]

[[ATTACHMENT|email-auth-Email-Authentic-b0e9b--up-log-out-and-log-back-in-webkit\video.webm]]

[[ATTACHMENT|email-auth-Email-Authentic-b0e9b--up-log-out-and-log-back-in-webkit\error-context.md]]

[[ATTACHMENT|email-auth-Email-Authentic-b0e9b--up-log-out-and-log-back-in-webkit\trace.zip]]
]]>
</system-out>
</testcase>
</testsuite>
<testsuite name="example.spec.ts" timestamp="2025-12-03T16:36:02.316Z" hostname="webkit" tests="2" failures="1" skipped="0" time="5.718" errors="0">
<testcase name="Example Test Suite › should load homepage" classname="example.spec.ts" time="4.292">
</testcase>
<testcase name="Example Test Suite › should create user and login" classname="example.spec.ts" time="1.426">
<failure message="example.spec.ts:9:7 should create user and login" type="FAILURE">
<![CDATA[  [webkit] › example.spec.ts:9:7 › Example Test Suite › should create user and login ───────────────

    TypeError: Failed to parse URL from undefined/api/v1/users

       at ..\support\fixtures\factories\user-factory.ts:15

      13 |
      14 |     // API call to create user
    > 15 |     const response = await fetch(`${process.env.API_URL}/api/v1/users`, {
         |                      ^
      16 |       method: 'POST',
      17 |       headers: { 'Content-Type': 'application/json' },
      18 |       body: JSON.stringify(user),
        at UserFactory.createUser (C:\Users\Robert\Documents\AI-Powered Personal Training Advisor\SG-Gruppe-KI\tests\support\fixtures\factories\user-factory.ts:15:22)
        at C:\Users\Robert\Documents\AI-Powered Personal Training Advisor\SG-Gruppe-KI\tests\e2e\example.spec.ts:11:18
    [cause]: TypeError: Invalid URL
        at UserFactory.createUser (C:\Users\Robert\Documents\AI-Powered Personal Training Advisor\SG-Gruppe-KI\tests\support\fixtures\factories\user-factory.ts:15:28)
        at C:\Users\Robert\Documents\AI-Powered Personal Training Advisor\SG-Gruppe-KI\tests\e2e\example.spec.ts:11:36

    attachment #1: screenshot (image/png) ──────────────────────────────────────────────────────────
    ..\..\test-results\example-Example-Test-Suite-should-create-user-and-login-webkit\test-failed-1.png
    ────────────────────────────────────────────────────────────────────────────────────────────────

    attachment #2: video (video/webm) ──────────────────────────────────────────────────────────────
    ..\..\test-results\example-Example-Test-Suite-should-create-user-and-login-webkit\video.webm
    ────────────────────────────────────────────────────────────────────────────────────────────────

    attachment #3: trace (application/zip) ─────────────────────────────────────────────────────────
    ..\..\test-results\example-Example-Test-Suite-should-create-user-and-login-webkit\trace.zip
    Usage:

        npx playwright show-trace ..\..\test-results\example-Example-Test-Suite-should-create-user-and-login-webkit\trace.zip

    ────────────────────────────────────────────────────────────────────────────────────────────────
]]>
</failure>
<system-out>
<![CDATA[
[[ATTACHMENT|example-Example-Test-Suite-should-create-user-and-login-webkit\test-failed-1.png]]

[[ATTACHMENT|example-Example-Test-Suite-should-create-user-and-login-webkit\video.webm]]

[[ATTACHMENT|example-Example-Test-Suite-should-create-user-and-login-webkit\trace.zip]]
]]>
</system-out>
</testcase>
</testsuite>
<testsuite name="google_oauth.spec.ts" timestamp="2025-12-03T16:36:02.316Z" hostname="webkit" tests="1" failures="0" skipped="0" time="8.679" errors="0">
<testcase name="Google OAuth Flow › should redirect to Google when &quot;Continue with Google&quot; button is clicked" classname="google_oauth.spec.ts" time="8.679">
<system-out>
<![CDATA[Redirected to Google OAuth URL: https://accounts.google.com/v3/signin/identifier?opparams=%253Fredirect_to%253Dhttp%25253A%25252F%25252Flocalhost%25253A3000%25252Fauth%25252Fcallback&dsh=S-132727623%3A1764779810929746&client_id=1044309634102-trnb000ke058c3n3duqiq630as8r257s.apps.googleusercontent.com&o2v=2&redirect_uri=https%3A%2F%2Fznzsydhtncfrnqgubsfo.supabase.co%2Fauth%2Fv1%2Fcallback&response_type=code&scope=email+profile&service=lso&state=eyJhbGciOiJIUzI1NiIsImtpZCI6IlhRNG5PWWxGZkY5dzA3MnAiLCJ0eXAiOiJKV1QifQ.eyJleHAiOjE3NjQ3ODAxMTAsInNpdGVfdXJsIjoiaHR0cDovL2xvY2FsaG9zdDozMDAwIiwiaWQiOiIwMDAwMDAwMC0wMDAwLTAwMDAtMDAwMC0wMDAwMDAwMDAwMDAiLCJmdW5jdGlvbl9ob29rcyI6bnVsbCwicHJvdmlkZXIiOiJnb29nbGUiLCJyZWZlcnJlciI6Imh0dHA6Ly9sb2NhbGhvc3Q6MzAwMC9hdXRoL2NhbGxiYWNrIiwiZmxvd19zdGF0ZV9pZCI6IiJ9.PJPWKvF0RJ9cAEb88yBjxz7Fivx5_5DcJOxs2pIWbn0&flowName=GeneralOAuthFlow&continue=https%3A%2F%2Faccounts.google.com%2Fsignin%2Foauth%2Fconsent%3Fauthuser%3Dunknown%26part%3DAJi8hAM-ZOflNmphHWj3W61VszGe_XP5yHgysOkzHTung-CZ5jy2DqYadP2bWwWt5SIhRliKwJtAerlXQ_Bs8vrVwWCfhsLgBg6qB8YowXOSB_utz3SSMYEGzRgmZNstPLQG_M3Dt0_iiQ_RnREkQBwb8crs4vlCGLtO5XnpwgLmPOW2lnMxnidXnIfQ2BIPiEoy9HWCsJYzT-MAuxJY1qOaJIcRA8hSnVCjja46R7OFyLSnbvaIOtUWc_JtSxosTqi2TvPSgxiH1CDBOapbOjLbqda_zSe9zjvBIgCrwP8i9k5sjcA-8LQI-gkLaUnuSGoaLPRahPE_-9p4kqgMt2Fyxl582js81A3UX78oVYC-R0v6r6Oh1I2SkPxM1SKxHZ1EU1gFPY9eqfSxz3OINKWUvIP2ta8FXslI11UvndzIluQia3D_12SCROZQnvgGLri6rTAj-eYXKR2-8-lzCmz6XMqNOpdN3Tm13D5Nh6_wmFKF2mC5XuU%26flowName%3DGeneralOAuthFlow%26as%3DS-132727623%253A1764779810929746%26client_id%3D1044309634102-trnb000ke058c3n3duqiq630as8r257s.apps.googleusercontent.com%26requestPath%3D%252Fsignin%252Foauth%252Fconsent%23&app_domain=https%3A%2F%2Fznzsydhtncfrnqgubsfo.supabase.co&rart=ANgoxccyeNQsqsbe4Vmx44zXSRMPCshGQSt_wlJheQXjP6upnwF2JM-qSdLd_tW-cWVykLjb9Sbh4U1v05j21G3Rbi4hAyD82OvinSHD0ZtLUmXvR7JpWrE
]]>
</system-out>
</testcase>
</testsuite>
<testsuite name="onboarding.spec.ts" timestamp="2025-12-03T16:36:02.316Z" hostname="webkit" tests="1" failures="1" skipped="0" time="35.772" errors="0">
<testcase name="Onboarding Flow › should complete multi-step onboarding and redirect to home" classname="onboarding.spec.ts" time="35.772">
<failure message="onboarding.spec.ts:4:7 should complete multi-step onboarding and redirect to home" type="FAILURE">
<![CDATA[  [webkit] › onboarding.spec.ts:4:7 › Onboarding Flow › should complete multi-step onboarding and redirect to home 

    TimeoutError: page.waitForURL: Timeout 30000ms exceeded.
    =========================== logs ===========================
    waiting for navigation to "**/onboarding" until "load"
      navigated to "http://localhost:3000/"
    ============================================================

      62 |     // Go to the home page, which should redirect to onboarding due to mock profile
      63 |     await page.goto('/');
    > 64 |     await page.waitForURL('**/onboarding');
         |                ^
      65 |     expect(page.url()).toContain('/onboarding');
      66 |
      67 |     // Step 1: Goals
        at C:\Users\Robert\Documents\AI-Powered Personal Training Advisor\SG-Gruppe-KI\tests\e2e\onboarding.spec.ts:64:16

    attachment #1: screenshot (image/png) ──────────────────────────────────────────────────────────
    ..\..\test-results\onboarding-Onboarding-Flow-8a0d2-arding-and-redirect-to-home-webkit\test-failed-1.png
    ────────────────────────────────────────────────────────────────────────────────────────────────

    attachment #2: video (video/webm) ──────────────────────────────────────────────────────────────
    ..\..\test-results\onboarding-Onboarding-Flow-8a0d2-arding-and-redirect-to-home-webkit\video.webm
    ────────────────────────────────────────────────────────────────────────────────────────────────

    Error Context: ..\..\test-results\onboarding-Onboarding-Flow-8a0d2-arding-and-redirect-to-home-webkit\error-context.md

    attachment #4: trace (application/zip) ─────────────────────────────────────────────────────────
    ..\..\test-results\onboarding-Onboarding-Flow-8a0d2-arding-and-redirect-to-home-webkit\trace.zip
    Usage:

        npx playwright show-trace ..\..\test-results\onboarding-Onboarding-Flow-8a0d2-arding-and-redirect-to-home-webkit\trace.zip

    ────────────────────────────────────────────────────────────────────────────────────────────────
]]>
</failure>
<system-out>
<![CDATA[
[[ATTACHMENT|onboarding-Onboarding-Flow-8a0d2-arding-and-redirect-to-home-webkit\test-failed-1.png]]

[[ATTACHMENT|onboarding-Onboarding-Flow-8a0d2-arding-and-redirect-to-home-webkit\video.webm]]

[[ATTACHMENT|onboarding-Onboarding-Flow-8a0d2-arding-and-redirect-to-home-webkit\error-context.md]]

[[ATTACHMENT|onboarding-Onboarding-Flow-8a0d2-arding-and-redirect-to-home-webkit\trace.zip]]
]]>
</system-out>
</testcase>
</testsuite>
<testsuite name="smoke.spec.ts" timestamp="2025-12-03T16:36:02.316Z" hostname="webkit" tests="2" failures="0" skipped="0" time="5.701" errors="0">
<testcase name="Smoke Tests › should load Next.js frontend" classname="smoke.spec.ts" time="5.225">
</testcase>
<testcase name="Smoke Tests › should get successful health check from FastAPI backend" classname="smoke.spec.ts" time="0.476">
</testcase>
</testsuite>
<testsuite name="user-profile.spec.ts" timestamp="2025-12-03T16:36:02.316Z" hostname="webkit" tests="1" failures="1" skipped="0" time="3.866" errors="0">
<testcase name="should navigate to profile page, edit details, and save changes successfully" classname="user-profile.spec.ts" time="3.866">
<failure message="user-profile.spec.ts:74:5 should navigate to profile page, edit details, and save changes successfully" type="FAILURE">
<![CDATA[  [webkit] › user-profile.spec.ts:74:5 › should navigate to profile page, edit details, and save changes successfully 

    ReferenceError: updatedGoals is not defined

      75 |   await page.goto('/profile'); // Directly navigate to the profile page
      76 |
    > 77 |   await page.getByLabel('Goals').fill(JSON.stringify(updatedGoals, null, 2));
         |                                                      ^
      78 |   await page.getByLabel('Equipment (comma-separated)').fill(updatedEquipment.join(', '));
      79 |   await page.getByLabel('Injuries').fill(updatedInjuries);
      80 |   await page.getByLabel('Units').fill(updatedUnits);
        at C:\Users\Robert\Documents\AI-Powered Personal Training Advisor\SG-Gruppe-KI\tests\e2e\user-profile.spec.ts:77:54

    attachment #1: screenshot (image/png) ──────────────────────────────────────────────────────────
    ..\..\test-results\user-profile-should-naviga-cdce2-d-save-changes-successfully-webkit\test-failed-1.png
    ────────────────────────────────────────────────────────────────────────────────────────────────

    attachment #2: video (video/webm) ──────────────────────────────────────────────────────────────
    ..\..\test-results\user-profile-should-naviga-cdce2-d-save-changes-successfully-webkit\video.webm
    ────────────────────────────────────────────────────────────────────────────────────────────────

    Error Context: ..\..\test-results\user-profile-should-naviga-cdce2-d-save-changes-successfully-webkit\error-context.md

    attachment #4: trace (application/zip) ─────────────────────────────────────────────────────────
    ..\..\test-results\user-profile-should-naviga-cdce2-d-save-changes-successfully-webkit\trace.zip
    Usage:

        npx playwright show-trace ..\..\test-results\user-profile-should-naviga-cdce2-d-save-changes-successfully-webkit\trace.zip

    ────────────────────────────────────────────────────────────────────────────────────────────────
]]>
</failure>
<system-out>
<![CDATA[
[[ATTACHMENT|user-profile-should-naviga-cdce2-d-save-changes-successfully-webkit\test-failed-1.png]]

[[ATTACHMENT|user-profile-should-naviga-cdce2-d-save-changes-successfully-webkit\video.webm]]

[[ATTACHMENT|user-profile-should-naviga-cdce2-d-save-changes-successfully-webkit\error-context.md]]

[[ATTACHMENT|user-profile-should-naviga-cdce2-d-save-changes-successfully-webkit\trace.zip]]
]]>
</system-out>
</testcase>
</testsuite>
</testsuites>