<testsuites id="" name="" tests="3" failures="3" skipped="0" errors="0" time="22.163425">
<testsuite name="user-profile.spec.ts" timestamp="2025-12-01T17:14:56.226Z" hostname="chromium" tests="1" failures="1" skipped="0" time="18.055" errors="0">
<testcase name="should navigate to profile page, edit details, and save changes successfully" classname="user-profile.spec.ts" time="18.055">
<failure message="user-profile.spec.ts:48:5 should navigate to profile page, edit details, and save changes successfully" type="FAILURE">
<![CDATA[  [chromium] › user-profile.spec.ts:48:5 › should navigate to profile page, edit details, and save changes successfully 

    TimeoutError: locator.click: Timeout 15000ms exceeded.
    Call log:
      - waiting for getByRole('link', { name: /go to profile/i })


      50 |
      51 |   // Click the "Go to Profile" link
    > 52 |   await page.getByRole('link', { name: /go to profile/i }).click();
         |                                                            ^
      53 |
      54 |   // Expect the profile page to load and display initial data
      55 |   await expect(page.getByRole('heading', { name: /user profile/i })).toBeVisible();
        at C:\Users\Robert\Documents\AI-Powered Personal Training Advisor\SG-Gruppe-KI\tests\e2e\user-profile.spec.ts:52:60

    attachment #1: screenshot (image/png) ──────────────────────────────────────────────────────────
    ..\..\test-results\user-profile-should-naviga-cdce2-d-save-changes-successfully-chromium\test-failed-1.png
    ────────────────────────────────────────────────────────────────────────────────────────────────

    attachment #2: video (video/webm) ──────────────────────────────────────────────────────────────
    ..\..\test-results\user-profile-should-naviga-cdce2-d-save-changes-successfully-chromium\video.webm
    ────────────────────────────────────────────────────────────────────────────────────────────────

    Error Context: ..\..\test-results\user-profile-should-naviga-cdce2-d-save-changes-successfully-chromium\error-context.md

    attachment #4: trace (application/zip) ─────────────────────────────────────────────────────────
    ..\..\test-results\user-profile-should-naviga-cdce2-d-save-changes-successfully-chromium\trace.zip
    Usage:

        npx playwright show-trace ..\..\test-results\user-profile-should-naviga-cdce2-d-save-changes-successfully-chromium\trace.zip

    ────────────────────────────────────────────────────────────────────────────────────────────────
]]>
</failure>
<system-out>
<![CDATA[
[[ATTACHMENT|user-profile-should-naviga-cdce2-d-save-changes-successfully-chromium\test-failed-1.png]]

[[ATTACHMENT|user-profile-should-naviga-cdce2-d-save-changes-successfully-chromium\video.webm]]

[[ATTACHMENT|user-profile-should-naviga-cdce2-d-save-changes-successfully-chromium\error-context.md]]

[[ATTACHMENT|user-profile-should-naviga-cdce2-d-save-changes-successfully-chromium\trace.zip]]
]]>
</system-out>
</testcase>
</testsuite>
<testsuite name="user-profile.spec.ts" timestamp="2025-12-01T17:14:56.226Z" hostname="firefox" tests="1" failures="1" skipped="0" time="17.929" errors="0">
<testcase name="should navigate to profile page, edit details, and save changes successfully" classname="user-profile.spec.ts" time="17.929">
<failure message="user-profile.spec.ts:48:5 should navigate to profile page, edit details, and save changes successfully" type="FAILURE">
<![CDATA[  [firefox] › user-profile.spec.ts:48:5 › should navigate to profile page, edit details, and save changes successfully 

    TimeoutError: locator.click: Timeout 15000ms exceeded.
    Call log:
      - waiting for getByRole('link', { name: /go to profile/i })


      50 |
      51 |   // Click the "Go to Profile" link
    > 52 |   await page.getByRole('link', { name: /go to profile/i }).click();
         |                                                            ^
      53 |
      54 |   // Expect the profile page to load and display initial data
      55 |   await expect(page.getByRole('heading', { name: /user profile/i })).toBeVisible();
        at C:\Users\Robert\Documents\AI-Powered Personal Training Advisor\SG-Gruppe-KI\tests\e2e\user-profile.spec.ts:52:60

    attachment #1: screenshot (image/png) ──────────────────────────────────────────────────────────
    ..\..\test-results\user-profile-should-naviga-cdce2-d-save-changes-successfully-firefox\test-failed-1.png
    ────────────────────────────────────────────────────────────────────────────────────────────────

    attachment #2: video (video/webm) ──────────────────────────────────────────────────────────────
    ..\..\test-results\user-profile-should-naviga-cdce2-d-save-changes-successfully-firefox\video.webm
    ────────────────────────────────────────────────────────────────────────────────────────────────

    Error Context: ..\..\test-results\user-profile-should-naviga-cdce2-d-save-changes-successfully-firefox\error-context.md

    attachment #4: trace (application/zip) ─────────────────────────────────────────────────────────
    ..\..\test-results\user-profile-should-naviga-cdce2-d-save-changes-successfully-firefox\trace.zip
    Usage:

        npx playwright show-trace ..\..\test-results\user-profile-should-naviga-cdce2-d-save-changes-successfully-firefox\trace.zip

    ────────────────────────────────────────────────────────────────────────────────────────────────
]]>
</failure>
<system-out>
<![CDATA[
[[ATTACHMENT|user-profile-should-naviga-cdce2-d-save-changes-successfully-firefox\test-failed-1.png]]

[[ATTACHMENT|user-profile-should-naviga-cdce2-d-save-changes-successfully-firefox\video.webm]]

[[ATTACHMENT|user-profile-should-naviga-cdce2-d-save-changes-successfully-firefox\error-context.md]]

[[ATTACHMENT|user-profile-should-naviga-cdce2-d-save-changes-successfully-firefox\trace.zip]]
]]>
</system-out>
</testcase>
</testsuite>
<testsuite name="user-profile.spec.ts" timestamp="2025-12-01T17:14:56.226Z" hostname="webkit" tests="1" failures="1" skipped="0" time="16.597" errors="0">
<testcase name="should navigate to profile page, edit details, and save changes successfully" classname="user-profile.spec.ts" time="16.597">
<failure message="user-profile.spec.ts:48:5 should navigate to profile page, edit details, and save changes successfully" type="FAILURE">
<![CDATA[  [webkit] › user-profile.spec.ts:48:5 › should navigate to profile page, edit details, and save changes successfully 

    TimeoutError: locator.click: Timeout 15000ms exceeded.
    Call log:
      - waiting for getByRole('link', { name: /go to profile/i })


      50 |
      51 |   // Click the "Go to Profile" link
    > 52 |   await page.getByRole('link', { name: /go to profile/i }).click();
         |                                                            ^
      53 |
      54 |   // Expect the profile page to load and display initial data
      55 |   await expect(page.getByRole('heading', { name: /user profile/i })).toBeVisible();
        at C:\Users\Robert\Documents\AI-Powered Personal Training Advisor\SG-Gruppe-KI\tests\e2e\user-profile.spec.ts:52:60

    attachment #1: screenshot (image/png) ──────────────────────────────────────────────────────────
    ..\..\test-results\user-profile-should-naviga-cdce2-d-save-changes-successfully-webkit\test-failed-1.png
    ────────────────────────────────────────────────────────────────────────────────────────────────

    attachment #2: video (video/webm) ──────────────────────────────────────────────────────────────
    ..\..\test-results\user-profile-should-naviga-cdce2-d-save-changes-successfully-webkit\video.webm
    ────────────────────────────────────────────────────────────────────────────────────────────────

    Error Context: ..\..\test-results\user-profile-should-naviga-cdce2-d-save-changes-successfully-webkit\error-context.md

    attachment #4: trace (application/zip) ─────────────────────────────────────────────────────────
    ..\..\test-results\user-profile-should-naviga-cdce2-d-save-changes-successfully-webkit\trace.zip
    Usage:

        npx playwright show-trace ..\..\test-results\user-profile-should-naviga-cdce2-d-save-changes-successfully-webkit\trace.zip

    ────────────────────────────────────────────────────────────────────────────────────────────────
]]>
</failure>
<system-out>
<![CDATA[
[[ATTACHMENT|user-profile-should-naviga-cdce2-d-save-changes-successfully-webkit\test-failed-1.png]]

[[ATTACHMENT|user-profile-should-naviga-cdce2-d-save-changes-successfully-webkit\video.webm]]

[[ATTACHMENT|user-profile-should-naviga-cdce2-d-save-changes-successfully-webkit\error-context.md]]

[[ATTACHMENT|user-profile-should-naviga-cdce2-d-save-changes-successfully-webkit\trace.zip]]
]]>
</system-out>
</testcase>
</testsuite>
</testsuites>