<testsuites id="" name="" tests="9" failures="9" skipped="0" errors="0" time="3.8174420000000002">
<testsuite name="example.spec.ts" timestamp="2025-11-25T21:51:16.086Z" hostname="chromium" tests="2" failures="2" skipped="0" time="0.028" errors="0">
<testcase name="Example Test Suite › should load homepage" classname="example.spec.ts" time="0.017">
<failure message="example.spec.ts:4:7 should load homepage" type="FAILURE">
<![CDATA[  [chromium] › example.spec.ts:4:7 › Example Test Suite › should load homepage ─────────────────────

    Error: browserType.launch: Executable doesn't exist at C:\Users\Robert\AppData\Local\ms-playwright\chromium_headless_shell-1194\chrome-win\headless_shell.exe
    ╔═════════════════════════════════════════════════════════════════════════╗
    ║ Looks like Playwright Test or Playwright was just installed or updated. ║
    ║ Please run the following command to download new browsers:              ║
    ║                                                                         ║
    ║     npx playwright install                                              ║
    ║                                                                         ║
    ║ <3 Playwright Team                                                      ║
    ╚═════════════════════════════════════════════════════════════════════════╝

    attachment #1: trace (application/zip) ─────────────────────────────────────────────────────────
    ..\..\test-results\example-Example-Test-Suite-should-load-homepage-chromium\trace.zip
    Usage:

        npx playwright show-trace ..\..\test-results\example-Example-Test-Suite-should-load-homepage-chromium\trace.zip

    ────────────────────────────────────────────────────────────────────────────────────────────────
]]>
</failure>
<system-out>
<![CDATA[
[[ATTACHMENT|example-Example-Test-Suite-should-load-homepage-chromium\trace.zip]]
]]>
</system-out>
</testcase>
<testcase name="Example Test Suite › should create user and login" classname="example.spec.ts" time="0.011">
<failure message="example.spec.ts:9:7 should create user and login" type="FAILURE">
<![CDATA[  [chromium] › example.spec.ts:9:7 › Example Test Suite › should create user and login ─────────────

    Error: browserType.launch: Executable doesn't exist at C:\Users\Robert\AppData\Local\ms-playwright\chromium_headless_shell-1194\chrome-win\headless_shell.exe
    ╔═════════════════════════════════════════════════════════════════════════╗
    ║ Looks like Playwright Test or Playwright was just installed or updated. ║
    ║ Please run the following command to download new browsers:              ║
    ║                                                                         ║
    ║     npx playwright install                                              ║
    ║                                                                         ║
    ║ <3 Playwright Team                                                      ║
    ╚═════════════════════════════════════════════════════════════════════════╝

    attachment #1: trace (application/zip) ─────────────────────────────────────────────────────────
    ..\..\test-results\example-Example-Test-Suite-should-create-user-and-login-chromium\trace.zip
    Usage:

        npx playwright show-trace ..\..\test-results\example-Example-Test-Suite-should-create-user-and-login-chromium\trace.zip

    ────────────────────────────────────────────────────────────────────────────────────────────────
]]>
</failure>
<system-out>
<![CDATA[
[[ATTACHMENT|example-Example-Test-Suite-should-create-user-and-login-chromium\trace.zip]]
]]>
</system-out>
</testcase>
</testsuite>
<testsuite name="onboarding.spec.ts" timestamp="2025-11-25T21:51:16.086Z" hostname="chromium" tests="1" failures="1" skipped="0" time="0.008" errors="0">
<testcase name="First-Time User Onboarding › should allow a new user to complete the conversational onboarding flow" classname="onboarding.spec.ts" time="0.008">
<failure message="onboarding.spec.ts:5:7 should allow a new user to complete the conversational onboarding flow" type="FAILURE">
<![CDATA[  [chromium] › onboarding.spec.ts:5:7 › First-Time User Onboarding › should allow a new user to complete the conversational onboarding flow 

    Error: browserType.launch: Executable doesn't exist at C:\Users\Robert\AppData\Local\ms-playwright\chromium_headless_shell-1194\chrome-win\headless_shell.exe
    ╔═════════════════════════════════════════════════════════════════════════╗
    ║ Looks like Playwright Test or Playwright was just installed or updated. ║
    ║ Please run the following command to download new browsers:              ║
    ║                                                                         ║
    ║     npx playwright install                                              ║
    ║                                                                         ║
    ║ <3 Playwright Team                                                      ║
    ╚═════════════════════════════════════════════════════════════════════════╝

    attachment #1: trace (application/zip) ─────────────────────────────────────────────────────────
    ..\..\test-results\onboarding-First-Time-User-d7ae0-versational-onboarding-flow-chromium\trace.zip
    Usage:

        npx playwright show-trace ..\..\test-results\onboarding-First-Time-User-d7ae0-versational-onboarding-flow-chromium\trace.zip

    ────────────────────────────────────────────────────────────────────────────────────────────────
]]>
</failure>
<system-out>
<![CDATA[
[[ATTACHMENT|onboarding-First-Time-User-d7ae0-versational-onboarding-flow-chromium\trace.zip]]
]]>
</system-out>
</testcase>
</testsuite>
<testsuite name="example.spec.ts" timestamp="2025-11-25T21:51:16.086Z" hostname="firefox" tests="2" failures="2" skipped="0" time="0.067" errors="0">
<testcase name="Example Test Suite › should load homepage" classname="example.spec.ts" time="0.06">
<failure message="example.spec.ts:4:7 should load homepage" type="FAILURE">
<![CDATA[  [firefox] › example.spec.ts:4:7 › Example Test Suite › should load homepage ──────────────────────

    Error: browserType.launch: Executable doesn't exist at C:\Users\Robert\AppData\Local\ms-playwright\firefox-1495\firefox\firefox.exe
    ╔═════════════════════════════════════════════════════════════════════════╗
    ║ Looks like Playwright Test or Playwright was just installed or updated. ║
    ║ Please run the following command to download new browsers:              ║
    ║                                                                         ║
    ║     npx playwright install                                              ║
    ║                                                                         ║
    ║ <3 Playwright Team                                                      ║
    ╚═════════════════════════════════════════════════════════════════════════╝

    attachment #1: trace (application/zip) ─────────────────────────────────────────────────────────
    ..\..\test-results\example-Example-Test-Suite-should-load-homepage-firefox\trace.zip
    Usage:

        npx playwright show-trace ..\..\test-results\example-Example-Test-Suite-should-load-homepage-firefox\trace.zip

    ────────────────────────────────────────────────────────────────────────────────────────────────
]]>
</failure>
<system-out>
<![CDATA[
[[ATTACHMENT|example-Example-Test-Suite-should-load-homepage-firefox\trace.zip]]
]]>
</system-out>
</testcase>
<testcase name="Example Test Suite › should create user and login" classname="example.spec.ts" time="0.007">
<failure message="example.spec.ts:9:7 should create user and login" type="FAILURE">
<![CDATA[  [firefox] › example.spec.ts:9:7 › Example Test Suite › should create user and login ──────────────

    Error: browserType.launch: Executable doesn't exist at C:\Users\Robert\AppData\Local\ms-playwright\firefox-1495\firefox\firefox.exe
    ╔═════════════════════════════════════════════════════════════════════════╗
    ║ Looks like Playwright Test or Playwright was just installed or updated. ║
    ║ Please run the following command to download new browsers:              ║
    ║                                                                         ║
    ║     npx playwright install                                              ║
    ║                                                                         ║
    ║ <3 Playwright Team                                                      ║
    ╚═════════════════════════════════════════════════════════════════════════╝

    attachment #1: trace (application/zip) ─────────────────────────────────────────────────────────
    ..\..\test-results\example-Example-Test-Suite-should-create-user-and-login-firefox\trace.zip
    Usage:

        npx playwright show-trace ..\..\test-results\example-Example-Test-Suite-should-create-user-and-login-firefox\trace.zip

    ────────────────────────────────────────────────────────────────────────────────────────────────
]]>
</failure>
<system-out>
<![CDATA[
[[ATTACHMENT|example-Example-Test-Suite-should-create-user-and-login-firefox\trace.zip]]
]]>
</system-out>
</testcase>
</testsuite>
<testsuite name="onboarding.spec.ts" timestamp="2025-11-25T21:51:16.086Z" hostname="firefox" tests="1" failures="1" skipped="0" time="0.013" errors="0">
<testcase name="First-Time User Onboarding › should allow a new user to complete the conversational onboarding flow" classname="onboarding.spec.ts" time="0.013">
<failure message="onboarding.spec.ts:5:7 should allow a new user to complete the conversational onboarding flow" type="FAILURE">
<![CDATA[  [firefox] › onboarding.spec.ts:5:7 › First-Time User Onboarding › should allow a new user to complete the conversational onboarding flow 

    Error: browserType.launch: Executable doesn't exist at C:\Users\Robert\AppData\Local\ms-playwright\firefox-1495\firefox\firefox.exe
    ╔═════════════════════════════════════════════════════════════════════════╗
    ║ Looks like Playwright Test or Playwright was just installed or updated. ║
    ║ Please run the following command to download new browsers:              ║
    ║                                                                         ║
    ║     npx playwright install                                              ║
    ║                                                                         ║
    ║ <3 Playwright Team                                                      ║
    ╚═════════════════════════════════════════════════════════════════════════╝

    attachment #1: trace (application/zip) ─────────────────────────────────────────────────────────
    ..\..\test-results\onboarding-First-Time-User-d7ae0-versational-onboarding-flow-firefox\trace.zip
    Usage:

        npx playwright show-trace ..\..\test-results\onboarding-First-Time-User-d7ae0-versational-onboarding-flow-firefox\trace.zip

    ────────────────────────────────────────────────────────────────────────────────────────────────
]]>
</failure>
<system-out>
<![CDATA[
[[ATTACHMENT|onboarding-First-Time-User-d7ae0-versational-onboarding-flow-firefox\trace.zip]]
]]>
</system-out>
</testcase>
</testsuite>
<testsuite name="example.spec.ts" timestamp="2025-11-25T21:51:16.086Z" hostname="webkit" tests="2" failures="2" skipped="0" time="0.018" errors="0">
<testcase name="Example Test Suite › should load homepage" classname="example.spec.ts" time="0.008">
<failure message="example.spec.ts:4:7 should load homepage" type="FAILURE">
<![CDATA[  [webkit] › example.spec.ts:4:7 › Example Test Suite › should load homepage ───────────────────────

    Error: browserType.launch: Executable doesn't exist at C:\Users\Robert\AppData\Local\ms-playwright\webkit-2215\Playwright.exe
    ╔═════════════════════════════════════════════════════════════════════════╗
    ║ Looks like Playwright Test or Playwright was just installed or updated. ║
    ║ Please run the following command to download new browsers:              ║
    ║                                                                         ║
    ║     npx playwright install                                              ║
    ║                                                                         ║
    ║ <3 Playwright Team                                                      ║
    ╚═════════════════════════════════════════════════════════════════════════╝

    attachment #1: trace (application/zip) ─────────────────────────────────────────────────────────
    ..\..\test-results\example-Example-Test-Suite-should-load-homepage-webkit\trace.zip
    Usage:

        npx playwright show-trace ..\..\test-results\example-Example-Test-Suite-should-load-homepage-webkit\trace.zip

    ────────────────────────────────────────────────────────────────────────────────────────────────
]]>
</failure>
<system-out>
<![CDATA[
[[ATTACHMENT|example-Example-Test-Suite-should-load-homepage-webkit\trace.zip]]
]]>
</system-out>
</testcase>
<testcase name="Example Test Suite › should create user and login" classname="example.spec.ts" time="0.01">
<failure message="example.spec.ts:9:7 should create user and login" type="FAILURE">
<![CDATA[  [webkit] › example.spec.ts:9:7 › Example Test Suite › should create user and login ───────────────

    Error: browserType.launch: Executable doesn't exist at C:\Users\Robert\AppData\Local\ms-playwright\webkit-2215\Playwright.exe
    ╔═════════════════════════════════════════════════════════════════════════╗
    ║ Looks like Playwright Test or Playwright was just installed or updated. ║
    ║ Please run the following command to download new browsers:              ║
    ║                                                                         ║
    ║     npx playwright install                                              ║
    ║                                                                         ║
    ║ <3 Playwright Team                                                      ║
    ╚═════════════════════════════════════════════════════════════════════════╝

    attachment #1: trace (application/zip) ─────────────────────────────────────────────────────────
    ..\..\test-results\example-Example-Test-Suite-should-create-user-and-login-webkit\trace.zip
    Usage:

        npx playwright show-trace ..\..\test-results\example-Example-Test-Suite-should-create-user-and-login-webkit\trace.zip

    ────────────────────────────────────────────────────────────────────────────────────────────────
]]>
</failure>
<system-out>
<![CDATA[
[[ATTACHMENT|example-Example-Test-Suite-should-create-user-and-login-webkit\trace.zip]]
]]>
</system-out>
</testcase>
</testsuite>
<testsuite name="onboarding.spec.ts" timestamp="2025-11-25T21:51:16.086Z" hostname="webkit" tests="1" failures="1" skipped="0" time="0.003" errors="0">
<testcase name="First-Time User Onboarding › should allow a new user to complete the conversational onboarding flow" classname="onboarding.spec.ts" time="0.003">
<failure message="onboarding.spec.ts:5:7 should allow a new user to complete the conversational onboarding flow" type="FAILURE">
<![CDATA[  [webkit] › onboarding.spec.ts:5:7 › First-Time User Onboarding › should allow a new user to complete the conversational onboarding flow 

    Error: browserType.launch: Executable doesn't exist at C:\Users\Robert\AppData\Local\ms-playwright\webkit-2215\Playwright.exe
    ╔═════════════════════════════════════════════════════════════════════════╗
    ║ Looks like Playwright Test or Playwright was just installed or updated. ║
    ║ Please run the following command to download new browsers:              ║
    ║                                                                         ║
    ║     npx playwright install                                              ║
    ║                                                                         ║
    ║ <3 Playwright Team                                                      ║
    ╚═════════════════════════════════════════════════════════════════════════╝

    attachment #1: trace (application/zip) ─────────────────────────────────────────────────────────
    ..\..\test-results\onboarding-First-Time-User-d7ae0-versational-onboarding-flow-webkit\trace.zip
    Usage:

        npx playwright show-trace ..\..\test-results\onboarding-First-Time-User-d7ae0-versational-onboarding-flow-webkit\trace.zip

    ────────────────────────────────────────────────────────────────────────────────────────────────
]]>
</failure>
<system-out>
<![CDATA[
[[ATTACHMENT|onboarding-First-Time-User-d7ae0-versational-onboarding-flow-webkit\trace.zip]]
]]>
</system-out>
</testcase>
</testsuite>
</testsuites>