<testsuites id="" name="" tests="3" failures="3" skipped="0" errors="0" time="20.857122999999998">
<testsuite name="email-auth.spec.ts" timestamp="2025-12-03T03:32:52.703Z" hostname="chromium" tests="1" failures="1" skipped="0" time="17.826" errors="0">
<testcase name="Email Authentication › should allow a user to sign up, log out, and log back in" classname="email-auth.spec.ts" time="17.826">
<failure message="email-auth.spec.ts:5:7 should allow a user to sign up, log out, and log back in" type="FAILURE">
<![CDATA[  [chromium] › email-auth.spec.ts:5:7 › Email Authentication › should allow a user to sign up, log out, and log back in 

    TimeoutError: page.fill: Timeout 15000ms exceeded.
    Call log:
      - waiting for locator('input[name="email"]')


      11 |
      12 |     // Fill sign-up form
    > 13 |     await page.fill('input[name="email"]', email);
         |                ^
      14 |     await page.fill('input[name="password"]', password);
      15 |
      16 |     // Click sign-up button
        at C:\Users\Robert\Documents\AI-Powered Personal Training Advisor\SG-Gruppe-KI\tests\e2e\email-auth.spec.ts:13:16

    attachment #1: screenshot (image/png) ──────────────────────────────────────────────────────────
    ..\..\test-results\email-auth-Email-Authentic-b0e9b--up-log-out-and-log-back-in-chromium\test-failed-1.png
    ────────────────────────────────────────────────────────────────────────────────────────────────

    attachment #2: video (video/webm) ──────────────────────────────────────────────────────────────
    ..\..\test-results\email-auth-Email-Authentic-b0e9b--up-log-out-and-log-back-in-chromium\video.webm
    ────────────────────────────────────────────────────────────────────────────────────────────────

    Error Context: ..\..\test-results\email-auth-Email-Authentic-b0e9b--up-log-out-and-log-back-in-chromium\error-context.md

    attachment #4: trace (application/zip) ─────────────────────────────────────────────────────────
    ..\..\test-results\email-auth-Email-Authentic-b0e9b--up-log-out-and-log-back-in-chromium\trace.zip
    Usage:

        npx playwright show-trace ..\..\test-results\email-auth-Email-Authentic-b0e9b--up-log-out-and-log-back-in-chromium\trace.zip

    ────────────────────────────────────────────────────────────────────────────────────────────────
]]>
</failure>
<system-out>
<![CDATA[
[[ATTACHMENT|email-auth-Email-Authentic-b0e9b--up-log-out-and-log-back-in-chromium\test-failed-1.png]]

[[ATTACHMENT|email-auth-Email-Authentic-b0e9b--up-log-out-and-log-back-in-chromium\video.webm]]

[[ATTACHMENT|email-auth-Email-Authentic-b0e9b--up-log-out-and-log-back-in-chromium\error-context.md]]

[[ATTACHMENT|email-auth-Email-Authentic-b0e9b--up-log-out-and-log-back-in-chromium\trace.zip]]
]]>
</system-out>
</testcase>
</testsuite>
<testsuite name="email-auth.spec.ts" timestamp="2025-12-03T03:32:52.703Z" hostname="firefox" tests="1" failures="1" skipped="0" time="17.6" errors="0">
<testcase name="Email Authentication › should allow a user to sign up, log out, and log back in" classname="email-auth.spec.ts" time="17.6">
<failure message="email-auth.spec.ts:5:7 should allow a user to sign up, log out, and log back in" type="FAILURE">
<![CDATA[  [firefox] › email-auth.spec.ts:5:7 › Email Authentication › should allow a user to sign up, log out, and log back in 

    TimeoutError: page.fill: Timeout 15000ms exceeded.
    Call log:
      - waiting for locator('input[name="email"]')


      11 |
      12 |     // Fill sign-up form
    > 13 |     await page.fill('input[name="email"]', email);
         |                ^
      14 |     await page.fill('input[name="password"]', password);
      15 |
      16 |     // Click sign-up button
        at C:\Users\Robert\Documents\AI-Powered Personal Training Advisor\SG-Gruppe-KI\tests\e2e\email-auth.spec.ts:13:16

    attachment #1: screenshot (image/png) ──────────────────────────────────────────────────────────
    ..\..\test-results\email-auth-Email-Authentic-b0e9b--up-log-out-and-log-back-in-firefox\test-failed-1.png
    ────────────────────────────────────────────────────────────────────────────────────────────────

    attachment #2: video (video/webm) ──────────────────────────────────────────────────────────────
    ..\..\test-results\email-auth-Email-Authentic-b0e9b--up-log-out-and-log-back-in-firefox\video.webm
    ────────────────────────────────────────────────────────────────────────────────────────────────

    Error Context: ..\..\test-results\email-auth-Email-Authentic-b0e9b--up-log-out-and-log-back-in-firefox\error-context.md

    attachment #4: trace (application/zip) ─────────────────────────────────────────────────────────
    ..\..\test-results\email-auth-Email-Authentic-b0e9b--up-log-out-and-log-back-in-firefox\trace.zip
    Usage:

        npx playwright show-trace ..\..\test-results\email-auth-Email-Authentic-b0e9b--up-log-out-and-log-back-in-firefox\trace.zip

    ────────────────────────────────────────────────────────────────────────────────────────────────
]]>
</failure>
<system-out>
<![CDATA[
[[ATTACHMENT|email-auth-Email-Authentic-b0e9b--up-log-out-and-log-back-in-firefox\test-failed-1.png]]

[[ATTACHMENT|email-auth-Email-Authentic-b0e9b--up-log-out-and-log-back-in-firefox\video.webm]]

[[ATTACHMENT|email-auth-Email-Authentic-b0e9b--up-log-out-and-log-back-in-firefox\error-context.md]]

[[ATTACHMENT|email-auth-Email-Authentic-b0e9b--up-log-out-and-log-back-in-firefox\trace.zip]]
]]>
</system-out>
</testcase>
</testsuite>
<testsuite name="email-auth.spec.ts" timestamp="2025-12-03T03:32:52.703Z" hostname="webkit" tests="1" failures="1" skipped="0" time="16.612" errors="0">
<testcase name="Email Authentication › should allow a user to sign up, log out, and log back in" classname="email-auth.spec.ts" time="16.612">
<failure message="email-auth.spec.ts:5:7 should allow a user to sign up, log out, and log back in" type="FAILURE">
<![CDATA[  [webkit] › email-auth.spec.ts:5:7 › Email Authentication › should allow a user to sign up, log out, and log back in 

    TimeoutError: page.fill: Timeout 15000ms exceeded.
    Call log:
      - waiting for locator('input[name="email"]')


      11 |
      12 |     // Fill sign-up form
    > 13 |     await page.fill('input[name="email"]', email);
         |                ^
      14 |     await page.fill('input[name="password"]', password);
      15 |
      16 |     // Click sign-up button
        at C:\Users\Robert\Documents\AI-Powered Personal Training Advisor\SG-Gruppe-KI\tests\e2e\email-auth.spec.ts:13:16

    attachment #1: screenshot (image/png) ──────────────────────────────────────────────────────────
    ..\..\test-results\email-auth-Email-Authentic-b0e9b--up-log-out-and-log-back-in-webkit\test-failed-1.png
    ────────────────────────────────────────────────────────────────────────────────────────────────

    attachment #2: video (video/webm) ──────────────────────────────────────────────────────────────
    ..\..\test-results\email-auth-Email-Authentic-b0e9b--up-log-out-and-log-back-in-webkit\video.webm
    ────────────────────────────────────────────────────────────────────────────────────────────────

    Error Context: ..\..\test-results\email-auth-Email-Authentic-b0e9b--up-log-out-and-log-back-in-webkit\error-context.md

    attachment #4: trace (application/zip) ─────────────────────────────────────────────────────────
    ..\..\test-results\email-auth-Email-Authentic-b0e9b--up-log-out-and-log-back-in-webkit\trace.zip
    Usage:

        npx playwright show-trace ..\..\test-results\email-auth-Email-Authentic-b0e9b--up-log-out-and-log-back-in-webkit\trace.zip

    ────────────────────────────────────────────────────────────────────────────────────────────────
]]>
</failure>
<system-out>
<![CDATA[
[[ATTACHMENT|email-auth-Email-Authentic-b0e9b--up-log-out-and-log-back-in-webkit\test-failed-1.png]]

[[ATTACHMENT|email-auth-Email-Authentic-b0e9b--up-log-out-and-log-back-in-webkit\video.webm]]

[[ATTACHMENT|email-auth-Email-Authentic-b0e9b--up-log-out-and-log-back-in-webkit\error-context.md]]

[[ATTACHMENT|email-auth-Email-Authentic-b0e9b--up-log-out-and-log-back-in-webkit\trace.zip]]
]]>
</system-out>
</testcase>
</testsuite>
</testsuites>