<testsuites id="" name="" tests="33" failures="9" skipped="0" errors="0" time="73.622731">
<testsuite name="basic-checks.spec.ts" timestamp="2025-12-02T09:57:57.897Z" hostname="chromium" tests="2" failures="0" skipped="0" time="4.449" errors="0">
<testcase name="Basic Application Checks › Next.js frontend loads correctly" classname="basic-checks.spec.ts" time="4.041">
</testcase>
<testcase name="Basic Application Checks › FastAPI health check endpoint returns status ok" classname="basic-checks.spec.ts" time="0.408">
</testcase>
</testsuite>
<testsuite name="basic.spec.ts" timestamp="2025-12-02T09:57:57.897Z" hostname="chromium" tests="2" failures="0" skipped="0" time="4.004" errors="0">
<testcase name="Next.js frontend loads successfully" classname="basic.spec.ts" time="3.59">
</testcase>
<testcase name="FastAPI backend health check returns ok" classname="basic.spec.ts" time="0.414">
</testcase>
</testsuite>
<testsuite name="example.spec.ts" timestamp="2025-12-02T09:57:57.897Z" hostname="chromium" tests="2" failures="1" skipped="0" time="5.118" errors="0">
<testcase name="Example Test Suite › should load homepage" classname="example.spec.ts" time="4.059">
</testcase>
<testcase name="Example Test Suite › should create user and login" classname="example.spec.ts" time="1.059">
<failure message="example.spec.ts:9:7 should create user and login" type="FAILURE">
<![CDATA[  [chromium] › example.spec.ts:9:7 › Example Test Suite › should create user and login ─────────────

    TypeError: Failed to parse URL from undefined/api/v1/users

       at ..\support\fixtures\factories\user-factory.ts:15

      13 |
      14 |     // API call to create user
    > 15 |     const response = await fetch(`${process.env.API_URL}/api/v1/users`, {
         |                      ^
      16 |       method: 'POST',
      17 |       headers: { 'Content-Type': 'application/json' },
      18 |       body: JSON.stringify(user),
        at UserFactory.createUser (C:\Users\Robert\Documents\AI-Powered Personal Training Advisor\SG-Gruppe-KI\tests\support\fixtures\factories\user-factory.ts:15:22)
        at C:\Users\Robert\Documents\AI-Powered Personal Training Advisor\SG-Gruppe-KI\tests\e2e\example.spec.ts:11:18
    [cause]: TypeError: Invalid URL
        at UserFactory.createUser (C:\Users\Robert\Documents\AI-Powered Personal Training Advisor\SG-Gruppe-KI\tests\support\fixtures\factories\user-factory.ts:15:28)
        at C:\Users\Robert\Documents\AI-Powered Personal Training Advisor\SG-Gruppe-KI\tests\e2e\example.spec.ts:11:36

    attachment #1: screenshot (image/png) ──────────────────────────────────────────────────────────
    ..\..\test-results\example-Example-Test-Suite-should-create-user-and-login-chromium\test-failed-1.png
    ────────────────────────────────────────────────────────────────────────────────────────────────

    attachment #2: video (video/webm) ──────────────────────────────────────────────────────────────
    ..\..\test-results\example-Example-Test-Suite-should-create-user-and-login-chromium\video.webm
    ────────────────────────────────────────────────────────────────────────────────────────────────

    attachment #3: trace (application/zip) ─────────────────────────────────────────────────────────
    ..\..\test-results\example-Example-Test-Suite-should-create-user-and-login-chromium\trace.zip
    Usage:

        npx playwright show-trace ..\..\test-results\example-Example-Test-Suite-should-create-user-and-login-chromium\trace.zip

    ────────────────────────────────────────────────────────────────────────────────────────────────
]]>
</failure>
<system-out>
<![CDATA[
[[ATTACHMENT|example-Example-Test-Suite-should-create-user-and-login-chromium\test-failed-1.png]]

[[ATTACHMENT|example-Example-Test-Suite-should-create-user-and-login-chromium\video.webm]]

[[ATTACHMENT|example-Example-Test-Suite-should-create-user-and-login-chromium\trace.zip]]
]]>
</system-out>
</testcase>
</testsuite>
<testsuite name="google_oauth.spec.ts" timestamp="2025-12-02T09:57:57.897Z" hostname="chromium" tests="1" failures="0" skipped="0" time="10.337" errors="0">
<testcase name="Google OAuth Flow › should redirect to Google when &quot;Continue with Google&quot; button is clicked" classname="google_oauth.spec.ts" time="10.337">
<system-out>
<![CDATA[Redirected to Google OAuth URL: https://accounts.google.com/v3/signin/identifier?opparams=%253Fredirect_to%253Dhttp%25253A%25252F%25252Flocalhost%25253A3000%25252Fauth%25252Fcallback&dsh=S623017291%3A1764669488650531&client_id=1044309634102-trnb000ke058c3n3duqiq630as8r257s.apps.googleusercontent.com&o2v=2&redirect_uri=https%3A%2F%2Fznzsydhtncfrnqgubsfo.supabase.co%2Fauth%2Fv1%2Fcallback&response_type=code&scope=email+profile&service=lso&state=eyJhbGciOiJIUzI1NiIsImtpZCI6IlhRNG5PWWxGZkY5dzA3MnAiLCJ0eXAiOiJKV1QifQ.eyJleHAiOjE3NjQ2Njk3ODgsInNpdGVfdXJsIjoiaHR0cDovL2xvY2FsaG9zdDozMDAwIiwiaWQiOiIwMDAwMDAwMC0wMDAwLTAwMDAtMDAwMC0wMDAwMDAwMDAwMDAiLCJmdW5jdGlvbl9ob29rcyI6bnVsbCwicHJvdmlkZXIiOiJnb29nbGUiLCJyZWZlcnJlciI6Imh0dHA6Ly9sb2NhbGhvc3Q6MzAwMC9hdXRoL2NhbGxiYWNrIiwiZmxvd19zdGF0ZV9pZCI6IiJ9.-UC9FfAW-KQEQTRb-2AV2jAgpdWolJq5jEgMjmaequs&flowName=GeneralOAuthFlow&continue=https%3A%2F%2Faccounts.google.com%2Fsignin%2Foauth%2Fconsent%3Fauthuser%3Dunknown%26part%3DAJi8hANqre2ZQ5k3j1-gBDCd-qwml2ORVAIVguYjngmLAwpTxgmZ9P3bUL4jKj0KOsapZwZtu1jl_lAOfoExIk9Q0ePzTiaTFtGGY9zSGaS8cSmb3FwMfS3mBlYYO3h_L0eOX3NFFmXePBIPYB705susSphUOVVkh2zp5FZZ-4_9D9SQNyf58MKcClj1_K6DgJTBEG--WgXR2x16oWVE1Fe_VCwhRzzViiVnhzX674J6DJNq3ofqXEwVIbRxQPncj829qR5ey-stcrWZyfiSE8buOWCCgPKWdeYQLLjKso-g1XTN5XCGIdfjMWC0LaGxgNmKbGDZ1uq8XFBcvWoEjX6m7IRwqK0ShY5VwFNAtqNYqeGqrea2qNd1tipsPxZqrKHKwh7sHvl0QEZT_uMwULi-mDEjk7D0SpA3rsXbDet6cFyT2ysUsIMSlJ5-CGT50gOayGzQzdBeCNrNK37uqdt5tV1CCUMDRFrW47Of5LKOawQAMQS0OHQ%26flowName%3DGeneralOAuthFlow%26as%3DS623017291%253A1764669488650531%26client_id%3D1044309634102-trnb000ke058c3n3duqiq630as8r257s.apps.googleusercontent.com%26requestPath%3D%252Fsignin%252Foauth%252Fconsent%23&app_domain=https%3A%2F%2Fznzsydhtncfrnqgubsfo.supabase.co&rart=ANgoxcfcKC3-VeeVguatZRSbLEacJcF-XPlsatjN2yCZDsc9spCP_2HkDTe9-QobBm5k6oPr5eVHyRugOtcYef70NVBcp-hDAyRpY1nyGgldmgmkomIJHYI
]]>
</system-out>
</testcase>
</testsuite>
<testsuite name="onboarding.spec.ts" timestamp="2025-12-02T09:57:57.897Z" hostname="chromium" tests="1" failures="1" skipped="0" time="34.559" errors="0">
<testcase name="Onboarding Flow › should complete multi-step onboarding and redirect to home" classname="onboarding.spec.ts" time="34.559">
<failure message="onboarding.spec.ts:4:7 should complete multi-step onboarding and redirect to home" type="FAILURE">
<![CDATA[  [chromium] › onboarding.spec.ts:4:7 › Onboarding Flow › should complete multi-step onboarding and redirect to home 

    TimeoutError: page.waitForURL: Timeout 30000ms exceeded.
    =========================== logs ===========================
    waiting for navigation to "**/onboarding" until "load"
    ============================================================

      62 |     // Go to the home page, which should redirect to onboarding due to mock profile
      63 |     await page.goto('/');
    > 64 |     await page.waitForURL('**/onboarding');
         |                ^
      65 |     expect(page.url()).toContain('/onboarding');
      66 |
      67 |     // Step 1: Goals
        at C:\Users\Robert\Documents\AI-Powered Personal Training Advisor\SG-Gruppe-KI\tests\e2e\onboarding.spec.ts:64:16

    attachment #1: screenshot (image/png) ──────────────────────────────────────────────────────────
    ..\..\test-results\onboarding-Onboarding-Flow-8a0d2-arding-and-redirect-to-home-chromium\test-failed-1.png
    ────────────────────────────────────────────────────────────────────────────────────────────────

    attachment #2: video (video/webm) ──────────────────────────────────────────────────────────────
    ..\..\test-results\onboarding-Onboarding-Flow-8a0d2-arding-and-redirect-to-home-chromium\video.webm
    ────────────────────────────────────────────────────────────────────────────────────────────────

    Error Context: ..\..\test-results\onboarding-Onboarding-Flow-8a0d2-arding-and-redirect-to-home-chromium\error-context.md

    attachment #4: trace (application/zip) ─────────────────────────────────────────────────────────
    ..\..\test-results\onboarding-Onboarding-Flow-8a0d2-arding-and-redirect-to-home-chromium\trace.zip
    Usage:

        npx playwright show-trace ..\..\test-results\onboarding-Onboarding-Flow-8a0d2-arding-and-redirect-to-home-chromium\trace.zip

    ────────────────────────────────────────────────────────────────────────────────────────────────
]]>
</failure>
<system-out>
<![CDATA[
[[ATTACHMENT|onboarding-Onboarding-Flow-8a0d2-arding-and-redirect-to-home-chromium\test-failed-1.png]]

[[ATTACHMENT|onboarding-Onboarding-Flow-8a0d2-arding-and-redirect-to-home-chromium\video.webm]]

[[ATTACHMENT|onboarding-Onboarding-Flow-8a0d2-arding-and-redirect-to-home-chromium\error-context.md]]

[[ATTACHMENT|onboarding-Onboarding-Flow-8a0d2-arding-and-redirect-to-home-chromium\trace.zip]]
]]>
</system-out>
</testcase>
</testsuite>
<testsuite name="smoke.spec.ts" timestamp="2025-12-02T09:57:57.897Z" hostname="chromium" tests="2" failures="0" skipped="0" time="3.484" errors="0">
<testcase name="Smoke Tests › should load Next.js frontend" classname="smoke.spec.ts" time="3.464">
</testcase>
<testcase name="Smoke Tests › should get successful health check from FastAPI backend" classname="smoke.spec.ts" time="0.02">
</testcase>
</testsuite>
<testsuite name="user-profile.spec.ts" timestamp="2025-12-02T09:57:57.897Z" hostname="chromium" tests="1" failures="1" skipped="0" time="21.086" errors="0">
<testcase name="should navigate to profile page, edit details, and save changes successfully" classname="user-profile.spec.ts" time="21.086">
<failure message="user-profile.spec.ts:48:5 should navigate to profile page, edit details, and save changes successfully" type="FAILURE">
<![CDATA[  [chromium] › user-profile.spec.ts:48:5 › should navigate to profile page, edit details, and save changes successfully 

    Error: expect(locator).toBeVisible() failed

    Locator: getByText('Initial User')
    Expected: visible
    Timeout: 15000ms
    Error: element(s) not found

    Call log:
      - Expect "toBeVisible" with timeout 15000ms
      - waiting for getByText('Initial User')


      54 |   // Expect the profile page to load and display initial data
      55 |   await expect(page.getByRole('heading', { name: /user profile/i })).toBeVisible();
    > 56 |   await expect(page.getByText('Initial User')).toBeVisible();
         |                                                ^
      57 |   await expect(page.getByText('test@example.com')).toBeVisible();
      58 |   await expect(page.locator('pre').filter({ hasText: 'initial_goal' })).toBeVisible();
      59 |   await expect(page.getByText('initial_equipment')).toBeVisible();
        at C:\Users\Robert\Documents\AI-Powered Personal Training Advisor\SG-Gruppe-KI\tests\e2e\user-profile.spec.ts:56:48

    attachment #1: screenshot (image/png) ──────────────────────────────────────────────────────────
    ..\..\test-results\user-profile-should-naviga-cdce2-d-save-changes-successfully-chromium\test-failed-1.png
    ────────────────────────────────────────────────────────────────────────────────────────────────

    attachment #2: video (video/webm) ──────────────────────────────────────────────────────────────
    ..\..\test-results\user-profile-should-naviga-cdce2-d-save-changes-successfully-chromium\video.webm
    ────────────────────────────────────────────────────────────────────────────────────────────────

    Error Context: ..\..\test-results\user-profile-should-naviga-cdce2-d-save-changes-successfully-chromium\error-context.md

    attachment #4: trace (application/zip) ─────────────────────────────────────────────────────────
    ..\..\test-results\user-profile-should-naviga-cdce2-d-save-changes-successfully-chromium\trace.zip
    Usage:

        npx playwright show-trace ..\..\test-results\user-profile-should-naviga-cdce2-d-save-changes-successfully-chromium\trace.zip

    ────────────────────────────────────────────────────────────────────────────────────────────────
]]>
</failure>
<system-out>
<![CDATA[
[[ATTACHMENT|user-profile-should-naviga-cdce2-d-save-changes-successfully-chromium\test-failed-1.png]]

[[ATTACHMENT|user-profile-should-naviga-cdce2-d-save-changes-successfully-chromium\video.webm]]

[[ATTACHMENT|user-profile-should-naviga-cdce2-d-save-changes-successfully-chromium\error-context.md]]

[[ATTACHMENT|user-profile-should-naviga-cdce2-d-save-changes-successfully-chromium\trace.zip]]
]]>
</system-out>
</testcase>
</testsuite>
<testsuite name="basic-checks.spec.ts" timestamp="2025-12-02T09:57:57.897Z" hostname="firefox" tests="2" failures="0" skipped="0" time="9.212" errors="0">
<testcase name="Basic Application Checks › Next.js frontend loads correctly" classname="basic-checks.spec.ts" time="8.435">
</testcase>
<testcase name="Basic Application Checks › FastAPI health check endpoint returns status ok" classname="basic-checks.spec.ts" time="0.777">
</testcase>
</testsuite>
<testsuite name="basic.spec.ts" timestamp="2025-12-02T09:57:57.897Z" hostname="firefox" tests="2" failures="0" skipped="0" time="14.831" errors="0">
<testcase name="Next.js frontend loads successfully" classname="basic.spec.ts" time="14.129">
</testcase>
<testcase name="FastAPI backend health check returns ok" classname="basic.spec.ts" time="0.702">
</testcase>
</testsuite>
<testsuite name="example.spec.ts" timestamp="2025-12-02T09:57:57.897Z" hostname="firefox" tests="2" failures="1" skipped="0" time="13.609" errors="0">
<testcase name="Example Test Suite › should load homepage" classname="example.spec.ts" time="8.771">
</testcase>
<testcase name="Example Test Suite › should create user and login" classname="example.spec.ts" time="4.838">
<failure message="example.spec.ts:9:7 should create user and login" type="FAILURE">
<![CDATA[  [firefox] › example.spec.ts:9:7 › Example Test Suite › should create user and login ──────────────

    TypeError: Failed to parse URL from undefined/api/v1/users

       at ..\support\fixtures\factories\user-factory.ts:15

      13 |
      14 |     // API call to create user
    > 15 |     const response = await fetch(`${process.env.API_URL}/api/v1/users`, {
         |                      ^
      16 |       method: 'POST',
      17 |       headers: { 'Content-Type': 'application/json' },
      18 |       body: JSON.stringify(user),
        at UserFactory.createUser (C:\Users\Robert\Documents\AI-Powered Personal Training Advisor\SG-Gruppe-KI\tests\support\fixtures\factories\user-factory.ts:15:22)
        at C:\Users\Robert\Documents\AI-Powered Personal Training Advisor\SG-Gruppe-KI\tests\e2e\example.spec.ts:11:18
    [cause]: TypeError: Invalid URL
        at UserFactory.createUser (C:\Users\Robert\Documents\AI-Powered Personal Training Advisor\SG-Gruppe-KI\tests\support\fixtures\factories\user-factory.ts:15:28)
        at C:\Users\Robert\Documents\AI-Powered Personal Training Advisor\SG-Gruppe-KI\tests\e2e\example.spec.ts:11:36

    attachment #1: screenshot (image/png) ──────────────────────────────────────────────────────────
    ..\..\test-results\example-Example-Test-Suite-should-create-user-and-login-firefox\test-failed-1.png
    ────────────────────────────────────────────────────────────────────────────────────────────────

    attachment #2: video (video/webm) ──────────────────────────────────────────────────────────────
    ..\..\test-results\example-Example-Test-Suite-should-create-user-and-login-firefox\video.webm
    ────────────────────────────────────────────────────────────────────────────────────────────────

    attachment #3: trace (application/zip) ─────────────────────────────────────────────────────────
    ..\..\test-results\example-Example-Test-Suite-should-create-user-and-login-firefox\trace.zip
    Usage:

        npx playwright show-trace ..\..\test-results\example-Example-Test-Suite-should-create-user-and-login-firefox\trace.zip

    ────────────────────────────────────────────────────────────────────────────────────────────────
]]>
</failure>
<system-out>
<![CDATA[
[[ATTACHMENT|example-Example-Test-Suite-should-create-user-and-login-firefox\test-failed-1.png]]

[[ATTACHMENT|example-Example-Test-Suite-should-create-user-and-login-firefox\video.webm]]

[[ATTACHMENT|example-Example-Test-Suite-should-create-user-and-login-firefox\trace.zip]]
]]>
</system-out>
</testcase>
</testsuite>
<testsuite name="google_oauth.spec.ts" timestamp="2025-12-02T09:57:57.897Z" hostname="firefox" tests="1" failures="0" skipped="0" time="17.001" errors="0">
<testcase name="Google OAuth Flow › should redirect to Google when &quot;Continue with Google&quot; button is clicked" classname="google_oauth.spec.ts" time="17.001">
<system-out>
<![CDATA[Redirected to Google OAuth URL: https://accounts.google.com/v3/signin/identifier?opparams=%253Fredirect_to%253Dhttp%25253A%25252F%25252Flocalhost%25253A3000%25252Fauth%25252Fcallback&dsh=S1360850770%3A1764669505761573&client_id=1044309634102-trnb000ke058c3n3duqiq630as8r257s.apps.googleusercontent.com&o2v=2&redirect_uri=https%3A%2F%2Fznzsydhtncfrnqgubsfo.supabase.co%2Fauth%2Fv1%2Fcallback&response_type=code&scope=email+profile&service=lso&state=eyJhbGciOiJIUzI1NiIsImtpZCI6IlhRNG5PWWxGZkY5dzA3MnAiLCJ0eXAiOiJKV1QifQ.eyJleHAiOjE3NjQ2Njk4MDUsInNpdGVfdXJsIjoiaHR0cDovL2xvY2FsaG9zdDozMDAwIiwiaWQiOiIwMDAwMDAwMC0wMDAwLTAwMDAtMDAwMC0wMDAwMDAwMDAwMDAiLCJmdW5jdGlvbl9ob29rcyI6bnVsbCwicHJvdmlkZXIiOiJnb29nbGUiLCJyZWZlcnJlciI6Imh0dHA6Ly9sb2NhbGhvc3Q6MzAwMC9hdXRoL2NhbGxiYWNrIiwiZmxvd19zdGF0ZV9pZCI6IiJ9.eyzKg48iihyqY6davUmYlD7B3CfV8531riGmnyKha1g&flowName=GeneralOAuthFlow&continue=https%3A%2F%2Faccounts.google.com%2Fsignin%2Foauth%2Fconsent%3Fauthuser%3Dunknown%26part%3DAJi8hAMjEPQNtWghzIGVuXaejtg9eLla9PAdlj36cm91o8zRaTUZpCKK2KsA7sDrdi_K-XJgnNCOcR9Mu5lEFqLljQWT4AF_zygUtFvTgq4XNvqpM4j4twM3TsJnWfhhLcmoJ3OmNuTs20mfysqkpQhr8EYEKyvj5_Ae0-3ZzjPITWnNDuiKIutBSj_6jjIJXNYsJVVF_-yjA1n5lJkPDFbtllFgk2Uo7I-DKXs6IxdRd-h-ZS_W7BsAqSKn9d_ialI68PH-tuHRalcJvK0UMGMdFjx3wyZWPprJ3-zeZb67K6TQNoQ2Lh89GQrmwsHA5aaObtiGein248CEJlyVQQAm82VUssLZt1WCuPLExyYkVNhtWQN7rEfUmFGhM5Qu3WIsdWJjx9eSpLwZ9uMrNwAa80i6sNMfmhLwgnFMEbdWtX6LY9dWMODEkb0JTDvQd3SKwOR0geFCtFMOenYQa-G8-onhRQbhMDkfe0-pioMT_KDBa3PIE6o%26flowName%3DGeneralOAuthFlow%26as%3DS1360850770%253A1764669505761573%26client_id%3D1044309634102-trnb000ke058c3n3duqiq630as8r257s.apps.googleusercontent.com%26requestPath%3D%252Fsignin%252Foauth%252Fconsent%23&app_domain=https%3A%2F%2Fznzsydhtncfrnqgubsfo.supabase.co&rart=ANgoxcdFT2aHaJVa1wkmY4qyTv49qtWnrmN0IKeL2q6tPU7SsvCDzp4iTl1vEyqcYzWd08puuq6lVJ1iCTPbQdnEjaP2Gv96ApRGxzY5F6cHnR81rEhKoCM
]]>
</system-out>
</testcase>
</testsuite>
<testsuite name="onboarding.spec.ts" timestamp="2025-12-02T09:57:57.897Z" hostname="firefox" tests="1" failures="1" skipped="0" time="38.858" errors="0">
<testcase name="Onboarding Flow › should complete multi-step onboarding and redirect to home" classname="onboarding.spec.ts" time="38.858">
<failure message="onboarding.spec.ts:4:7 should complete multi-step onboarding and redirect to home" type="FAILURE">
<![CDATA[  [firefox] › onboarding.spec.ts:4:7 › Onboarding Flow › should complete multi-step onboarding and redirect to home 

    TimeoutError: page.waitForURL: Timeout 30000ms exceeded.
    =========================== logs ===========================
    waiting for navigation to "**/onboarding" until "load"
    ============================================================

      62 |     // Go to the home page, which should redirect to onboarding due to mock profile
      63 |     await page.goto('/');
    > 64 |     await page.waitForURL('**/onboarding');
         |                ^
      65 |     expect(page.url()).toContain('/onboarding');
      66 |
      67 |     // Step 1: Goals
        at C:\Users\Robert\Documents\AI-Powered Personal Training Advisor\SG-Gruppe-KI\tests\e2e\onboarding.spec.ts:64:16

    attachment #1: screenshot (image/png) ──────────────────────────────────────────────────────────
    ..\..\test-results\onboarding-Onboarding-Flow-8a0d2-arding-and-redirect-to-home-firefox\test-failed-1.png
    ────────────────────────────────────────────────────────────────────────────────────────────────

    attachment #2: video (video/webm) ──────────────────────────────────────────────────────────────
    ..\..\test-results\onboarding-Onboarding-Flow-8a0d2-arding-and-redirect-to-home-firefox\video.webm
    ────────────────────────────────────────────────────────────────────────────────────────────────

    Error Context: ..\..\test-results\onboarding-Onboarding-Flow-8a0d2-arding-and-redirect-to-home-firefox\error-context.md

    attachment #4: trace (application/zip) ─────────────────────────────────────────────────────────
    ..\..\test-results\onboarding-Onboarding-Flow-8a0d2-arding-and-redirect-to-home-firefox\trace.zip
    Usage:

        npx playwright show-trace ..\..\test-results\onboarding-Onboarding-Flow-8a0d2-arding-and-redirect-to-home-firefox\trace.zip

    ────────────────────────────────────────────────────────────────────────────────────────────────
]]>
</failure>
<system-out>
<![CDATA[
[[ATTACHMENT|onboarding-Onboarding-Flow-8a0d2-arding-and-redirect-to-home-firefox\test-failed-1.png]]

[[ATTACHMENT|onboarding-Onboarding-Flow-8a0d2-arding-and-redirect-to-home-firefox\video.webm]]

[[ATTACHMENT|onboarding-Onboarding-Flow-8a0d2-arding-and-redirect-to-home-firefox\error-context.md]]

[[ATTACHMENT|onboarding-Onboarding-Flow-8a0d2-arding-and-redirect-to-home-firefox\trace.zip]]
]]>
</system-out>
</testcase>
</testsuite>
<testsuite name="smoke.spec.ts" timestamp="2025-12-02T09:57:57.897Z" hostname="firefox" tests="2" failures="0" skipped="0" time="8.869" errors="0">
<testcase name="Smoke Tests › should load Next.js frontend" classname="smoke.spec.ts" time="8.371">
</testcase>
<testcase name="Smoke Tests › should get successful health check from FastAPI backend" classname="smoke.spec.ts" time="0.498">
</testcase>
</testsuite>
<testsuite name="user-profile.spec.ts" timestamp="2025-12-02T09:57:57.897Z" hostname="firefox" tests="1" failures="1" skipped="0" time="24.752" errors="0">
<testcase name="should navigate to profile page, edit details, and save changes successfully" classname="user-profile.spec.ts" time="24.752">
<failure message="user-profile.spec.ts:48:5 should navigate to profile page, edit details, and save changes successfully" type="FAILURE">
<![CDATA[  [firefox] › user-profile.spec.ts:48:5 › should navigate to profile page, edit details, and save changes successfully 

    Error: expect(locator).toBeVisible() failed

    Locator: getByText('Initial User')
    Expected: visible
    Timeout: 15000ms
    Error: element(s) not found

    Call log:
      - Expect "toBeVisible" with timeout 15000ms
      - waiting for getByText('Initial User')


      54 |   // Expect the profile page to load and display initial data
      55 |   await expect(page.getByRole('heading', { name: /user profile/i })).toBeVisible();
    > 56 |   await expect(page.getByText('Initial User')).toBeVisible();
         |                                                ^
      57 |   await expect(page.getByText('test@example.com')).toBeVisible();
      58 |   await expect(page.locator('pre').filter({ hasText: 'initial_goal' })).toBeVisible();
      59 |   await expect(page.getByText('initial_equipment')).toBeVisible();
        at C:\Users\Robert\Documents\AI-Powered Personal Training Advisor\SG-Gruppe-KI\tests\e2e\user-profile.spec.ts:56:48

    attachment #1: screenshot (image/png) ──────────────────────────────────────────────────────────
    ..\..\test-results\user-profile-should-naviga-cdce2-d-save-changes-successfully-firefox\test-failed-1.png
    ────────────────────────────────────────────────────────────────────────────────────────────────

    attachment #2: video (video/webm) ──────────────────────────────────────────────────────────────
    ..\..\test-results\user-profile-should-naviga-cdce2-d-save-changes-successfully-firefox\video.webm
    ────────────────────────────────────────────────────────────────────────────────────────────────

    Error Context: ..\..\test-results\user-profile-should-naviga-cdce2-d-save-changes-successfully-firefox\error-context.md

    attachment #4: trace (application/zip) ─────────────────────────────────────────────────────────
    ..\..\test-results\user-profile-should-naviga-cdce2-d-save-changes-successfully-firefox\trace.zip
    Usage:

        npx playwright show-trace ..\..\test-results\user-profile-should-naviga-cdce2-d-save-changes-successfully-firefox\trace.zip

    ────────────────────────────────────────────────────────────────────────────────────────────────
]]>
</failure>
<system-out>
<![CDATA[
[[ATTACHMENT|user-profile-should-naviga-cdce2-d-save-changes-successfully-firefox\test-failed-1.png]]

[[ATTACHMENT|user-profile-should-naviga-cdce2-d-save-changes-successfully-firefox\video.webm]]

[[ATTACHMENT|user-profile-should-naviga-cdce2-d-save-changes-successfully-firefox\error-context.md]]

[[ATTACHMENT|user-profile-should-naviga-cdce2-d-save-changes-successfully-firefox\trace.zip]]
]]>
</system-out>
</testcase>
</testsuite>
<testsuite name="basic-checks.spec.ts" timestamp="2025-12-02T09:57:57.897Z" hostname="webkit" tests="2" failures="0" skipped="0" time="5.9" errors="0">
<testcase name="Basic Application Checks › Next.js frontend loads correctly" classname="basic-checks.spec.ts" time="5.401">
</testcase>
<testcase name="Basic Application Checks › FastAPI health check endpoint returns status ok" classname="basic-checks.spec.ts" time="0.499">
</testcase>
</testsuite>
<testsuite name="basic.spec.ts" timestamp="2025-12-02T09:57:57.897Z" hostname="webkit" tests="2" failures="0" skipped="0" time="5.817" errors="0">
<testcase name="Next.js frontend loads successfully" classname="basic.spec.ts" time="5.382">
</testcase>
<testcase name="FastAPI backend health check returns ok" classname="basic.spec.ts" time="0.435">
</testcase>
</testsuite>
<testsuite name="example.spec.ts" timestamp="2025-12-02T09:57:57.897Z" hostname="webkit" tests="2" failures="1" skipped="0" time="4.478" errors="0">
<testcase name="Example Test Suite › should load homepage" classname="example.spec.ts" time="3">
</testcase>
<testcase name="Example Test Suite › should create user and login" classname="example.spec.ts" time="1.478">
<failure message="example.spec.ts:9:7 should create user and login" type="FAILURE">
<![CDATA[  [webkit] › example.spec.ts:9:7 › Example Test Suite › should create user and login ───────────────

    TypeError: Failed to parse URL from undefined/api/v1/users

       at ..\support\fixtures\factories\user-factory.ts:15

      13 |
      14 |     // API call to create user
    > 15 |     const response = await fetch(`${process.env.API_URL}/api/v1/users`, {
         |                      ^
      16 |       method: 'POST',
      17 |       headers: { 'Content-Type': 'application/json' },
      18 |       body: JSON.stringify(user),
        at UserFactory.createUser (C:\Users\Robert\Documents\AI-Powered Personal Training Advisor\SG-Gruppe-KI\tests\support\fixtures\factories\user-factory.ts:15:22)
        at C:\Users\Robert\Documents\AI-Powered Personal Training Advisor\SG-Gruppe-KI\tests\e2e\example.spec.ts:11:18
    [cause]: TypeError: Invalid URL
        at UserFactory.createUser (C:\Users\Robert\Documents\AI-Powered Personal Training Advisor\SG-Gruppe-KI\tests\support\fixtures\factories\user-factory.ts:15:28)
        at C:\Users\Robert\Documents\AI-Powered Personal Training Advisor\SG-Gruppe-KI\tests\e2e\example.spec.ts:11:36

    attachment #1: screenshot (image/png) ──────────────────────────────────────────────────────────
    ..\..\test-results\example-Example-Test-Suite-should-create-user-and-login-webkit\test-failed-1.png
    ────────────────────────────────────────────────────────────────────────────────────────────────

    attachment #2: video (video/webm) ──────────────────────────────────────────────────────────────
    ..\..\test-results\example-Example-Test-Suite-should-create-user-and-login-webkit\video.webm
    ────────────────────────────────────────────────────────────────────────────────────────────────

    attachment #3: trace (application/zip) ─────────────────────────────────────────────────────────
    ..\..\test-results\example-Example-Test-Suite-should-create-user-and-login-webkit\trace.zip
    Usage:

        npx playwright show-trace ..\..\test-results\example-Example-Test-Suite-should-create-user-and-login-webkit\trace.zip

    ────────────────────────────────────────────────────────────────────────────────────────────────
]]>
</failure>
<system-out>
<![CDATA[
[[ATTACHMENT|example-Example-Test-Suite-should-create-user-and-login-webkit\test-failed-1.png]]

[[ATTACHMENT|example-Example-Test-Suite-should-create-user-and-login-webkit\video.webm]]

[[ATTACHMENT|example-Example-Test-Suite-should-create-user-and-login-webkit\trace.zip]]
]]>
</system-out>
</testcase>
</testsuite>
<testsuite name="google_oauth.spec.ts" timestamp="2025-12-02T09:57:57.897Z" hostname="webkit" tests="1" failures="0" skipped="0" time="9.417" errors="0">
<testcase name="Google OAuth Flow › should redirect to Google when &quot;Continue with Google&quot; button is clicked" classname="google_oauth.spec.ts" time="9.417">
<system-out>
<![CDATA[Redirected to Google OAuth URL: https://accounts.google.com/v3/signin/identifier?opparams=%253Fredirect_to%253Dhttp%25253A%25252F%25252Flocalhost%25253A3000%25252Fauth%25252Fcallback&dsh=S-1759541941%3A1764669518202133&client_id=1044309634102-trnb000ke058c3n3duqiq630as8r257s.apps.googleusercontent.com&o2v=2&redirect_uri=https%3A%2F%2Fznzsydhtncfrnqgubsfo.supabase.co%2Fauth%2Fv1%2Fcallback&response_type=code&scope=email+profile&service=lso&state=eyJhbGciOiJIUzI1NiIsImtpZCI6IlhRNG5PWWxGZkY5dzA3MnAiLCJ0eXAiOiJKV1QifQ.eyJleHAiOjE3NjQ2Njk4MTcsInNpdGVfdXJsIjoiaHR0cDovL2xvY2FsaG9zdDozMDAwIiwiaWQiOiIwMDAwMDAwMC0wMDAwLTAwMDAtMDAwMC0wMDAwMDAwMDAwMDAiLCJmdW5jdGlvbl9ob29rcyI6bnVsbCwicHJvdmlkZXIiOiJnb29nbGUiLCJyZWZlcnJlciI6Imh0dHA6Ly9sb2NhbGhvc3Q6MzAwMC9hdXRoL2NhbGxiYWNrIiwiZmxvd19zdGF0ZV9pZCI6IiJ9.r6Q7H4lvZ3kycaunX0f2dwc-9BGIFH71EBEE5VGoxTs&flowName=GeneralOAuthFlow&continue=https%3A%2F%2Faccounts.google.com%2Fsignin%2Foauth%2Fconsent%3Fauthuser%3Dunknown%26part%3DAJi8hAOWoHr5aeuuzAFyYcNYM6Jw4oiFp451OhlUjLfQWSDd1Nn5wMmaOwiRvgtw8Chz7qbUuQiArwveABqTZxA5HtURTMFUeMejbWlNHZ5tWcKlsMtcGtnrBwGCWdseRW78aLIY7EFwJdCKofCcZ_GbzFvDYhFGvFFH7jPpykbNGy3MWUdIPr23KrZowgU9ntCrH7x1fu9ax0hRkx0nYndNeJCBl0_Kf4loZj_KNOH29TM4miPVmDq68jfHju3SS7r0Sh4ducXFErMC85pZQcm7smFYFE-HIn1J_7X55nb_xxB7hUdpDx5ublQbx3pSBDo0lGMl5yEbWxOjgX7Whsdn_gHA4W9uW971njdhK9p_zGoMW1kfrbBCyVWD6_zVJATdBxDbaacggWxOHHXOgzuQpN4MXRi3WbJwLog-njezL6Ign9powBVfYW1bQNU-9yTi6xwCkgsjDZt9-kkpdtvb5v8kX4ZDDsO7G_Uz6elIzCl1nWAGoDw%26flowName%3DGeneralOAuthFlow%26as%3DS-1759541941%253A1764669518202133%26client_id%3D1044309634102-trnb000ke058c3n3duqiq630as8r257s.apps.googleusercontent.com%26requestPath%3D%252Fsignin%252Foauth%252Fconsent%23&app_domain=https%3A%2F%2Fznzsydhtncfrnqgubsfo.supabase.co&rart=ANgoxceSkDmzMal0ELz3WkhVI5pftPwnQeGdYuzV4ji2ZMs4gMmsGXjBXhmiRoLWlqHxx-q7jtCof64XALtSgdXsf1um2qI4MU97qp81QTbKueRc38kr7z8
]]>
</system-out>
</testcase>
</testsuite>
<testsuite name="onboarding.spec.ts" timestamp="2025-12-02T09:57:57.897Z" hostname="webkit" tests="1" failures="1" skipped="0" time="32.666" errors="0">
<testcase name="Onboarding Flow › should complete multi-step onboarding and redirect to home" classname="onboarding.spec.ts" time="32.666">
<failure message="onboarding.spec.ts:4:7 should complete multi-step onboarding and redirect to home" type="FAILURE">
<![CDATA[  [webkit] › onboarding.spec.ts:4:7 › Onboarding Flow › should complete multi-step onboarding and redirect to home 

    TimeoutError: page.waitForURL: Timeout 30000ms exceeded.
    =========================== logs ===========================
    waiting for navigation to "**/onboarding" until "load"
      navigated to "http://localhost:3000/"
    ============================================================

      62 |     // Go to the home page, which should redirect to onboarding due to mock profile
      63 |     await page.goto('/');
    > 64 |     await page.waitForURL('**/onboarding');
         |                ^
      65 |     expect(page.url()).toContain('/onboarding');
      66 |
      67 |     // Step 1: Goals
        at C:\Users\Robert\Documents\AI-Powered Personal Training Advisor\SG-Gruppe-KI\tests\e2e\onboarding.spec.ts:64:16

    attachment #1: screenshot (image/png) ──────────────────────────────────────────────────────────
    ..\..\test-results\onboarding-Onboarding-Flow-8a0d2-arding-and-redirect-to-home-webkit\test-failed-1.png
    ────────────────────────────────────────────────────────────────────────────────────────────────

    attachment #2: video (video/webm) ──────────────────────────────────────────────────────────────
    ..\..\test-results\onboarding-Onboarding-Flow-8a0d2-arding-and-redirect-to-home-webkit\video.webm
    ────────────────────────────────────────────────────────────────────────────────────────────────

    Error Context: ..\..\test-results\onboarding-Onboarding-Flow-8a0d2-arding-and-redirect-to-home-webkit\error-context.md

    attachment #4: trace (application/zip) ─────────────────────────────────────────────────────────
    ..\..\test-results\onboarding-Onboarding-Flow-8a0d2-arding-and-redirect-to-home-webkit\trace.zip
    Usage:

        npx playwright show-trace ..\..\test-results\onboarding-Onboarding-Flow-8a0d2-arding-and-redirect-to-home-webkit\trace.zip

    ────────────────────────────────────────────────────────────────────────────────────────────────
]]>
</failure>
<system-out>
<![CDATA[
[[ATTACHMENT|onboarding-Onboarding-Flow-8a0d2-arding-and-redirect-to-home-webkit\test-failed-1.png]]

[[ATTACHMENT|onboarding-Onboarding-Flow-8a0d2-arding-and-redirect-to-home-webkit\video.webm]]

[[ATTACHMENT|onboarding-Onboarding-Flow-8a0d2-arding-and-redirect-to-home-webkit\error-context.md]]

[[ATTACHMENT|onboarding-Onboarding-Flow-8a0d2-arding-and-redirect-to-home-webkit\trace.zip]]
]]>
</system-out>
</testcase>
</testsuite>
<testsuite name="smoke.spec.ts" timestamp="2025-12-02T09:57:57.897Z" hostname="webkit" tests="2" failures="0" skipped="0" time="2.652" errors="0">
<testcase name="Smoke Tests › should load Next.js frontend" classname="smoke.spec.ts" time="2.227">
</testcase>
<testcase name="Smoke Tests › should get successful health check from FastAPI backend" classname="smoke.spec.ts" time="0.425">
</testcase>
</testsuite>
<testsuite name="user-profile.spec.ts" timestamp="2025-12-02T09:57:57.897Z" hostname="webkit" tests="1" failures="1" skipped="0" time="19.946" errors="0">
<testcase name="should navigate to profile page, edit details, and save changes successfully" classname="user-profile.spec.ts" time="19.946">
<failure message="user-profile.spec.ts:48:5 should navigate to profile page, edit details, and save changes successfully" type="FAILURE">
<![CDATA[  [webkit] › user-profile.spec.ts:48:5 › should navigate to profile page, edit details, and save changes successfully 

    Error: expect(locator).toBeVisible() failed

    Locator: getByText('Initial User')
    Expected: visible
    Timeout: 15000ms
    Error: element(s) not found

    Call log:
      - Expect "toBeVisible" with timeout 15000ms
      - waiting for getByText('Initial User')


      54 |   // Expect the profile page to load and display initial data
      55 |   await expect(page.getByRole('heading', { name: /user profile/i })).toBeVisible();
    > 56 |   await expect(page.getByText('Initial User')).toBeVisible();
         |                                                ^
      57 |   await expect(page.getByText('test@example.com')).toBeVisible();
      58 |   await expect(page.locator('pre').filter({ hasText: 'initial_goal' })).toBeVisible();
      59 |   await expect(page.getByText('initial_equipment')).toBeVisible();
        at C:\Users\Robert\Documents\AI-Powered Personal Training Advisor\SG-Gruppe-KI\tests\e2e\user-profile.spec.ts:56:48

    attachment #1: screenshot (image/png) ──────────────────────────────────────────────────────────
    ..\..\test-results\user-profile-should-naviga-cdce2-d-save-changes-successfully-webkit\test-failed-1.png
    ────────────────────────────────────────────────────────────────────────────────────────────────

    attachment #2: video (video/webm) ──────────────────────────────────────────────────────────────
    ..\..\test-results\user-profile-should-naviga-cdce2-d-save-changes-successfully-webkit\video.webm
    ────────────────────────────────────────────────────────────────────────────────────────────────

    Error Context: ..\..\test-results\user-profile-should-naviga-cdce2-d-save-changes-successfully-webkit\error-context.md

    attachment #4: trace (application/zip) ─────────────────────────────────────────────────────────
    ..\..\test-results\user-profile-should-naviga-cdce2-d-save-changes-successfully-webkit\trace.zip
    Usage:

        npx playwright show-trace ..\..\test-results\user-profile-should-naviga-cdce2-d-save-changes-successfully-webkit\trace.zip

    ────────────────────────────────────────────────────────────────────────────────────────────────
]]>
</failure>
<system-out>
<![CDATA[
[[ATTACHMENT|user-profile-should-naviga-cdce2-d-save-changes-successfully-webkit\test-failed-1.png]]

[[ATTACHMENT|user-profile-should-naviga-cdce2-d-save-changes-successfully-webkit\video.webm]]

[[ATTACHMENT|user-profile-should-naviga-cdce2-d-save-changes-successfully-webkit\error-context.md]]

[[ATTACHMENT|user-profile-should-naviga-cdce2-d-save-changes-successfully-webkit\trace.zip]]
]]>
</system-out>
</testcase>
</testsuite>
</testsuites>